This is XeTeX, Version 3.141592653-2.6-0.999994 (TeX Live 2022) (preloaded format=xelatex 2022.4.10)  7 JUN 2022 16:51
entering extended mode
 restricted \write18 enabled.
 file:line:error style messages enabled.
 %&-line parsing enabled.
**example.tex
(./example.tex
LaTeX2e <2021-11-15> patch level 1
L3 programming layer <2022-02-24> (./HustGraduPaper.cls
Document Class: HustGraduPaper 2019/03/10\nobreakspace {}v2.1.9\nobreakspace {}
Provide HUST graduation thesis template
(e:/tool/texlive/2022/texmf-dist/tex/generic/xstring/xstring.sty
(e:/tool/texlive/2022/texmf-dist/tex/generic/xstring/xstring.tex
\integerpart=\count181
\decimalpart=\count182
)
Package: xstring 2021/07/21 v1.84 String manipulations (CT)
)
(e:/tool/texlive/2022/texmf-dist/tex/latex/base/article.cls
Document Class: article 2021/10/04 v1.4n Standard LaTeX document class
(e:/tool/texlive/2022/texmf-dist/tex/latex/base/size10.clo
File: size10.clo 2021/10/04 v1.4n Standard LaTeX file (size option)
)
\c@part=\count183
\c@section=\count184
\c@subsection=\count185
\c@subsubsection=\count186
\c@paragraph=\count187
\c@subparagraph=\count188
\c@figure=\count189
\c@table=\count190
\abovecaptionskip=\skip47
\belowcaptionskip=\skip48
\bibindent=\dimen138
)
(e:/tool/texlive/2022/texmf-dist/tex/xelatex/xecjk/xeCJK.sty
(e:/tool/texlive/2022/texmf-dist/tex/latex/l3kernel/expl3.sty
Package: expl3 2022-02-24 L3 programming layer (loader) 

(e:/tool/texlive/2022/texmf-dist/tex/latex/l3backend/l3backend-xetex.def
File: l3backend-xetex.def 2022-02-07 L3 backend support: XeTeX

(|extractbb --version)
\c__kernel_sys_dvipdfmx_version_int=\count191
\l__color_backend_stack_int=\count192
\g__color_backend_stack_int=\count193
\g__graphics_track_int=\count194
\l__pdf_internal_box=\box50
\g__pdf_backend_object_int=\count195
\g__pdf_backend_annotation_int=\count196
\g__pdf_backend_link_int=\count197
))
Package: xeCJK 2021/12/12 v3.8.8 Typesetting CJK scripts with XeLaTeX

(e:/tool/texlive/2022/texmf-dist/tex/latex/ctex/ctexhook.sty
Package: ctexhook 2021/12/12 v2.5.8 Document and package hooks (CTEX)
)
(e:/tool/texlive/2022/texmf-dist/tex/latex/l3packages/l3keys2e/l3keys2e.sty
Package: l3keys2e 2022-01-12 LaTeX2e option processing using LaTeX3 keys
)
(e:/tool/texlive/2022/texmf-dist/tex/latex/l3packages/xtemplate/xtemplate.sty
Package: xtemplate 2022-01-12 L3 Experimental prototype document functions
\l__xtemplate_tmp_dim=\dimen139
\l__xtemplate_tmp_int=\count198
\l__xtemplate_tmp_muskip=\muskip16
\l__xtemplate_tmp_skip=\skip49
)
(e:/tool/texlive/2022/texmf-dist/tex/latex/l3packages/xparse/xparse.sty
Package: xparse 2022-01-12 L3 Experimental document command parser
)
\l__xeCJK_tmp_int=\count199
\l__xeCJK_tmp_box=\box51
\l__xeCJK_tmp_dim=\dimen140
\l__xeCJK_tmp_skip=\skip50
\g__xeCJK_space_factor_int=\count266
\l__xeCJK_begin_int=\count267
\l__xeCJK_end_int=\count268
\c__xeCJK_CJK_class_int=\XeTeXcharclass1
\c__xeCJK_FullLeft_class_int=\XeTeXcharclass2
\c__xeCJK_FullRight_class_int=\XeTeXcharclass3
\c__xeCJK_HalfLeft_class_int=\XeTeXcharclass4
\c__xeCJK_HalfRight_class_int=\XeTeXcharclass5
\c__xeCJK_NormalSpace_class_int=\XeTeXcharclass6
\c__xeCJK_CM_class_int=\XeTeXcharclass7
\c__xeCJK_HangulJamo_class_int=\XeTeXcharclass8
\l__xeCJK_last_skip=\skip51
\g__xeCJK_node_int=\count269
\c__xeCJK_CJK_node_dim=\dimen141
\c__xeCJK_CJK-space_node_dim=\dimen142
\c__xeCJK_default_node_dim=\dimen143
\c__xeCJK_default-space_node_dim=\dimen144
\c__xeCJK_CJK-widow_node_dim=\dimen145
\c__xeCJK_normalspace_node_dim=\dimen146
\l__xeCJK_ccglue_skip=\skip52
\l__xeCJK_ecglue_skip=\skip53
\l__xeCJK_punct_kern_skip=\skip54
\l__xeCJK_last_penalty_int=\count270
\l__xeCJK_last_bound_dim=\dimen147
\l__xeCJK_last_kern_dim=\dimen148
\l__xeCJK_widow_penalty_int=\count271

Package xtemplate Info: Declaring object type 'xeCJK/punctuation' taking 0
(xtemplate)             argument(s) on line 2337.

\l__xeCJK_fixed_punct_width_dim=\dimen149
\l__xeCJK_mixed_punct_width_dim=\dimen150
\l__xeCJK_middle_punct_width_dim=\dimen151
\l__xeCJK_fixed_margin_width_dim=\dimen152
\l__xeCJK_mixed_margin_width_dim=\dimen153
\l__xeCJK_middle_margin_width_dim=\dimen154
\l__xeCJK_bound_punct_width_dim=\dimen155
\l__xeCJK_bound_margin_width_dim=\dimen156
\l__xeCJK_margin_minimum_dim=\dimen157
\l__xeCJK_kerning_total_width_dim=\dimen158
\l__xeCJK_same_align_margin_dim=\dimen159
\l__xeCJK_different_align_margin_dim=\dimen160
\l__xeCJK_kerning_margin_width_dim=\dimen161
\l__xeCJK_kerning_margin_minimum_dim=\dimen162
\l__xeCJK_bound_dim=\dimen163
\l__xeCJK_reverse_bound_dim=\dimen164
\l__xeCJK_margin_dim=\dimen165
\l__xeCJK_minimum_bound_dim=\dimen166
\l__xeCJK_kerning_margin_dim=\dimen167
\g__xeCJK_family_int=\count272
\l__xeCJK_fam_int=\count273
\g__xeCJK_fam_allocation_int=\count274
\l__xeCJK_verb_case_int=\count275
\l__xeCJK_verb_exspace_skip=\skip55

(e:/tool/texlive/2022/texmf-dist/tex/latex/fontspec/fontspec.sty
Package: fontspec 2022/01/15 v2.8a Font selection for XeLaTeX and LuaLaTeX

(e:/tool/texlive/2022/texmf-dist/tex/latex/fontspec/fontspec-xetex.sty
Package: fontspec-xetex 2022/01/15 v2.8a Font selection for XeLaTeX and LuaLaTe
X
\l__fontspec_script_int=\count276
\l__fontspec_language_int=\count277
\l__fontspec_strnum_int=\count278
\l__fontspec_tmp_int=\count279
\l__fontspec_tmpa_int=\count280
\l__fontspec_tmpb_int=\count281
\l__fontspec_tmpc_int=\count282
\l__fontspec_em_int=\count283
\l__fontspec_emdef_int=\count284
\l__fontspec_strong_int=\count285
\l__fontspec_strongdef_int=\count286
\l__fontspec_tmpa_dim=\dimen168
\l__fontspec_tmpb_dim=\dimen169
\l__fontspec_tmpc_dim=\dimen170

(e:/tool/texlive/2022/texmf-dist/tex/latex/base/fontenc.sty
Package: fontenc 2021/04/29 v2.0v Standard LaTeX package
)
(e:/tool/texlive/2022/texmf-dist/tex/latex/fontspec/fontspec.cfg)))
(e:/tool/texlive/2022/texmf-dist/tex/xelatex/xecjk/xeCJK.cfg
File: xeCJK.cfg 2021/12/12 v3.8.8 Configuration file for xeCJK package
))
(e:/tool/texlive/2022/texmf-dist/tex/latex/ctex/ctex.sty
Package: ctex 2021/12/12 v2.5.8 Chinese adapter in LaTeX (CTEX)

(e:/tool/texlive/2022/texmf-dist/tex/latex/ctex/ctexpatch.sty
Package: ctexpatch 2021/12/12 v2.5.8 Patching commands (CTEX)
)
(e:/tool/texlive/2022/texmf-dist/tex/latex/base/fix-cm.sty
Package: fix-cm 2020/11/24 v1.1t fixes to LaTeX

(e:/tool/texlive/2022/texmf-dist/tex/latex/base/ts1enc.def
File: ts1enc.def 2001/06/05 v3.0e (jk/car/fm) Standard LaTeX file
LaTeX Font Info:    Redeclaring font encoding TS1 on input line 47.
))
\l__ctex_tmp_int=\count287
\l__ctex_tmp_box=\box52
\l__ctex_tmp_dim=\dimen171
\g__ctex_section_depth_int=\count288
\g__ctex_font_size_int=\count289

(e:/tool/texlive/2022/texmf-dist/tex/latex/ctex/config/ctexopts.cfg
File: ctexopts.cfg 2021/12/12 v2.5.8 Option configuration file (CTEX)
)
(e:/tool/texlive/2022/texmf-dist/tex/latex/ctex/engine/ctex-engine-xetex.def
File: ctex-engine-xetex.def 2021/12/12 v2.5.8 XeLaTeX adapter (CTEX)
\ccwd=\dimen172
\l__ctex_ccglue_skip=\skip56
)
\l__ctex_ziju_dim=\dimen173

(e:/tool/texlive/2022/texmf-dist/tex/latex/zhnumber/zhnumber.sty
Package: zhnumber 2020/05/01 v2.8 Typesetting numbers with Chinese glyphs
\l__zhnum_scale_int=\count290

(e:/tool/texlive/2022/texmf-dist/tex/latex/zhnumber/zhnumber-utf8.cfg
File: zhnumber-utf8.cfg 2020/05/01 v2.8 Chinese numerals with UTF8 encoding
))
(e:/tool/texlive/2022/texmf-dist/tex/latex/ctex/heading/ctex-heading-article.de
f
File: ctex-article.def 2021/12/12 v2.5.8 Heading modification for article (CTEX
)
\l__ctex_heading_skip=\skip57

(e:/tool/texlive/2022/texmf-dist/tex/latex/ctex/scheme/ctex-scheme-chinese-arti
cle.def
File: ctex-scheme-chinese-article.def 2021/12/12 v2.5.8 Chinese scheme for arti
cle (CTEX)

(e:/tool/texlive/2022/texmf-dist/tex/latex/ctex/config/ctex-name-utf8.cfg
File: ctex-name-utf8.cfg 2021/12/12 v2.5.8 Caption with encoding UTF-8 (CTEX)
)))
(e:/tool/texlive/2022/texmf-dist/tex/latex/ctex/ctex-cs4size.clo
File: ctex-cs4size.clo 2021/12/12 v2.5.8 cs4size option (CTEX)
)
(e:/tool/texlive/2022/texmf-dist/tex/latex/ctex/fontset/ctex-fontset-windows.de
f
File: ctex-fontset-windows.def 2021/12/12 v2.5.8 Windows fonts definition (CTEX
)

Package fontspec Info: Could not resolve font "KaiTi/B" (it probably doesn't
(fontspec)             exist).


Package fontspec Info: Could not resolve font "SimHei/I" (it probably doesn't
(fontspec)             exist).


Package fontspec Info: Could not resolve font "SimSun/BI" (it probably doesn't
(fontspec)             exist).


Package fontspec Info: Font family 'SimSun(0)' created for font 'SimSun' with
(fontspec)             options
(fontspec)             [Script={CJK},BoldFont={SimHei},ItalicFont={KaiTi}].
(fontspec)              
(fontspec)              This font family consists of the following NFSS
(fontspec)             series/shapes:
(fontspec)              
(fontspec)             - 'normal' (m/n) with NFSS spec.:
(fontspec)             <->"SimSun/OT:script=hani;language=dflt;"
(fontspec)             - 'small caps'  (m/sc) with NFSS spec.: 
(fontspec)             - 'bold' (b/n) with NFSS spec.:
(fontspec)             <->"SimHei/OT:script=hani;language=dflt;"
(fontspec)             - 'bold small caps'  (b/sc) with NFSS spec.: 
(fontspec)             - 'italic' (m/it) with NFSS spec.:
(fontspec)             <->"KaiTi/OT:script=hani;language=dflt;"
(fontspec)             - 'italic small caps'  (m/scit) with NFSS spec.: 

)) (e:/tool/texlive/2022/texmf-dist/tex/latex/ctex/config/ctex.cfg
File: ctex.cfg 2021/12/12 v2.5.8 Configuration file (CTEX)
)
(e:/tool/texlive/2022/texmf-dist/tex/latex/geometry/geometry.sty
Package: geometry 2020/01/02 v5.9 Page Geometry

(e:/tool/texlive/2022/texmf-dist/tex/latex/graphics/keyval.sty
Package: keyval 2014/10/28 v1.15 key=value parser (DPC)
\KV@toks@=\toks16
)
(e:/tool/texlive/2022/texmf-dist/tex/generic/iftex/ifvtex.sty
Package: ifvtex 2019/10/25 v1.7 ifvtex legacy package. Use iftex instead.

(e:/tool/texlive/2022/texmf-dist/tex/generic/iftex/iftex.sty
Package: iftex 2022/02/03 v1.0f TeX engine tests
))
\Gm@cnth=\count291
\Gm@cntv=\count292
\c@Gm@tempcnt=\count293
\Gm@bindingoffset=\dimen174
\Gm@wd@mp=\dimen175
\Gm@odd@mp=\dimen176
\Gm@even@mp=\dimen177
\Gm@layoutwidth=\dimen178
\Gm@layoutheight=\dimen179
\Gm@layouthoffset=\dimen180
\Gm@layoutvoffset=\dimen181
\Gm@dimlist=\toks17
)

Package fontspec Info: Font family 'TimesNewRoman(0)' created for font 'Times
(fontspec)             New Roman' with options [Ligatures=TeX].
(fontspec)              
(fontspec)              This font family consists of the following NFSS
(fontspec)             series/shapes:
(fontspec)              
(fontspec)             - 'normal' (m/n) with NFSS spec.: <->"Times New
(fontspec)             Roman/OT:script=latn;language=dflt;mapping=tex-text;"
(fontspec)             - 'small caps'  (m/sc) with NFSS spec.: <->"Times New
(fontspec)             Roman/OT:script=latn;language=dflt;+smcp;mapping=tex-tex
t;"
(fontspec)             - 'bold' (b/n) with NFSS spec.: <->"Times New
(fontspec)             Roman/B/OT:script=latn;language=dflt;mapping=tex-text;"
(fontspec)             - 'bold small caps'  (b/sc) with NFSS spec.: <->"Times
(fontspec)             New
(fontspec)             Roman/B/OT:script=latn;language=dflt;+smcp;mapping=tex-t
ext;"
(fontspec)             - 'italic' (m/it) with NFSS spec.: <->"Times New
(fontspec)             Roman/I/OT:script=latn;language=dflt;mapping=tex-text;"
(fontspec)             - 'italic small caps'  (m/scit) with NFSS spec.:
(fontspec)             <->"Times New
(fontspec)             Roman/I/OT:script=latn;language=dflt;+smcp;mapping=tex-t
ext;"
(fontspec)             - 'bold italic' (b/it) with NFSS spec.: <->"Times New
(fontspec)             Roman/BI/OT:script=latn;language=dflt;mapping=tex-text;"

(fontspec)             - 'bold italic small caps'  (b/scit) with NFSS spec.:
(fontspec)             <->"Times New
(fontspec)             Roman/BI/OT:script=latn;language=dflt;+smcp;mapping=tex-
text;"


Package fontspec Info: Could not resolve font "STZhongsong/I" (it probably
(fontspec)             doesn't exist).


Package fontspec Info: Could not resolve font "STZhongsong/BI" (it probably
(fontspec)             doesn't exist).


Package fontspec Info: Could not resolve font "STZhongsong/I" (it probably
(fontspec)             doesn't exist).


Package fontspec Info: Font family 'STZhongsong(0)' created for font
(fontspec)             'STZhongsong' with options
(fontspec)             [BoldFont={STZhongsong},BoldFeatures={FakeBold=4}].
(fontspec)              
(fontspec)              This font family consists of the following NFSS
(fontspec)             series/shapes:
(fontspec)              
(fontspec)             - 'normal' (m/n) with NFSS spec.:
(fontspec)             <->"STZhongsong/OT:language=dflt;"
(fontspec)             - 'small caps'  (m/sc) with NFSS spec.: 
(fontspec)             - 'bold' (b/n) with NFSS spec.:
(fontspec)             <->"STZhongsong/OT:language=dflt;embolden=4;"
(fontspec)             - 'bold small caps'  (b/sc) with NFSS spec.: 


(e:/tool/texlive/2022/texmf-dist/tex/latex/fancyhdr/fancyhdr.sty
Package: fancyhdr 2021/01/28 v4.0.1 Extensive control of page headers and foote
rs
\f@nch@headwidth=\skip58
\f@nch@O@elh=\skip59
\f@nch@O@erh=\skip60
\f@nch@O@olh=\skip61
\f@nch@O@orh=\skip62
\f@nch@O@elf=\skip63
\f@nch@O@erf=\skip64
\f@nch@O@olf=\skip65
\f@nch@O@orf=\skip66
)
(e:/tool/texlive/2022/texmf-dist/tex/latex/titlesec/titlesec.sty
Package: titlesec 2021/07/05 v2.14 Sectioning titles
\ttl@box=\box53
\beforetitleunit=\skip67
\aftertitleunit=\skip68
\ttl@plus=\dimen182
\ttl@minus=\dimen183
\ttl@toksa=\toks18
\titlewidth=\dimen184
\titlewidthlast=\dimen185
\titlewidthfirst=\dimen186
)
\c@subsubsubsection=\count294

(e:/tool/texlive/2022/texmf-dist/tex/latex/tocloft/tocloft.sty
Package: tocloft 2017/08/31 v2.3i parameterised ToC, etc., typesetting
Package tocloft Info: The document has section divisions on input line 51.
\cftparskip=\skip69
\cftbeforetoctitleskip=\skip70
\cftaftertoctitleskip=\skip71
\cftbeforepartskip=\skip72
\cftpartnumwidth=\skip73
\cftpartindent=\skip74
\cftbeforesecskip=\skip75
\cftsecindent=\skip76
\cftsecnumwidth=\skip77
\cftbeforesubsecskip=\skip78
\cftsubsecindent=\skip79
\cftsubsecnumwidth=\skip80
\cftbeforesubsubsecskip=\skip81
\cftsubsubsecindent=\skip82
\cftsubsubsecnumwidth=\skip83
\cftbeforeparaskip=\skip84
\cftparaindent=\skip85
\cftparanumwidth=\skip86
\cftbeforesubparaskip=\skip87
\cftsubparaindent=\skip88
\cftsubparanumwidth=\skip89
\cftbeforeloftitleskip=\skip90
\cftafterloftitleskip=\skip91
\cftbeforefigskip=\skip92
\cftfigindent=\skip93
\cftfignumwidth=\skip94
\c@lofdepth=\count295
\c@lotdepth=\count296
\cftbeforelottitleskip=\skip95
\cftafterlottitleskip=\skip96
\cftbeforetabskip=\skip97
\cfttabindent=\skip98
\cfttabnumwidth=\skip99
)
(e:/tool/texlive/2022/texmf-dist/tex/latex/hyperref/hyperref.sty
Package: hyperref 2022-02-21 v7.00n Hypertext links for LaTeX

(e:/tool/texlive/2022/texmf-dist/tex/generic/ltxcmds/ltxcmds.sty
Package: ltxcmds 2020-05-10 v1.25 LaTeX kernel commands for general use (HO)
)
(e:/tool/texlive/2022/texmf-dist/tex/generic/pdftexcmds/pdftexcmds.sty
Package: pdftexcmds 2020-06-27 v0.33 Utility functions of pdfTeX for LuaTeX (HO
)

(e:/tool/texlive/2022/texmf-dist/tex/generic/infwarerr/infwarerr.sty
Package: infwarerr 2019/12/03 v1.5 Providing info/warning/error messages (HO)
)
Package pdftexcmds Info: \pdf@primitive is available.
Package pdftexcmds Info: \pdf@ifprimitive is available.
Package pdftexcmds Info: \pdfdraftmode not found.
)
(e:/tool/texlive/2022/texmf-dist/tex/generic/kvsetkeys/kvsetkeys.sty
Package: kvsetkeys 2019/12/15 v1.18 Key value parser (HO)
)
(e:/tool/texlive/2022/texmf-dist/tex/generic/kvdefinekeys/kvdefinekeys.sty
Package: kvdefinekeys 2019-12-19 v1.6 Define keys (HO)
)
(e:/tool/texlive/2022/texmf-dist/tex/generic/pdfescape/pdfescape.sty
Package: pdfescape 2019/12/09 v1.15 Implements pdfTeX's escape features (HO)
)
(e:/tool/texlive/2022/texmf-dist/tex/latex/hycolor/hycolor.sty
Package: hycolor 2020-01-27 v1.10 Color options for hyperref/bookmark (HO)
)
(e:/tool/texlive/2022/texmf-dist/tex/latex/letltxmacro/letltxmacro.sty
Package: letltxmacro 2019/12/03 v1.6 Let assignment for LaTeX macros (HO)
)
(e:/tool/texlive/2022/texmf-dist/tex/latex/auxhook/auxhook.sty
Package: auxhook 2019-12-17 v1.6 Hooks for auxiliary files (HO)
)
(e:/tool/texlive/2022/texmf-dist/tex/latex/kvoptions/kvoptions.sty
Package: kvoptions 2020-10-07 v3.14 Key value format for package options (HO)
)
\@linkdim=\dimen187
\Hy@linkcounter=\count297
\Hy@pagecounter=\count298

(e:/tool/texlive/2022/texmf-dist/tex/latex/hyperref/pd1enc.def
File: pd1enc.def 2022-02-21 v7.00n Hyperref: PDFDocEncoding definition (HO)
)
(e:/tool/texlive/2022/texmf-dist/tex/generic/intcalc/intcalc.sty
Package: intcalc 2019/12/15 v1.3 Expandable calculations with integers (HO)
)
(e:/tool/texlive/2022/texmf-dist/tex/generic/etexcmds/etexcmds.sty
Package: etexcmds 2019/12/15 v1.7 Avoid name clashes with e-TeX commands (HO)
)
\Hy@SavedSpaceFactor=\count299

(e:/tool/texlive/2022/texmf-dist/tex/latex/hyperref/puenc.def
File: puenc.def 2022-02-21 v7.00n Hyperref: PDF Unicode definition (HO)
)
Package hyperref Info: Option `unicode' set `true' on input line 4018.
Package hyperref Info: Hyper figures OFF on input line 4137.
Package hyperref Info: Link nesting OFF on input line 4142.
Package hyperref Info: Hyper index ON on input line 4145.
Package hyperref Info: Plain pages OFF on input line 4152.
Package hyperref Info: Backreferencing OFF on input line 4157.
Package hyperref Info: Implicit mode ON; LaTeX internals redefined.
Package hyperref Info: Bookmarks ON on input line 4390.
\c@Hy@tempcnt=\count300

(e:/tool/texlive/2022/texmf-dist/tex/latex/url/url.sty
\Urlmuskip=\muskip17
Package: url 2013/09/16  ver 3.4  Verb mode for urls, etc.
)
LaTeX Info: Redefining \url on input line 4749.
\XeTeXLinkMargin=\dimen188

(e:/tool/texlive/2022/texmf-dist/tex/generic/bitset/bitset.sty
Package: bitset 2019/12/09 v1.3 Handle bit-vector datatype (HO)

(e:/tool/texlive/2022/texmf-dist/tex/generic/bigintcalc/bigintcalc.sty
Package: bigintcalc 2019/12/15 v1.5 Expandable calculations on big integers (HO
)
))
\Fld@menulength=\count301
\Field@Width=\dimen189
\Fld@charsize=\dimen190
Package hyperref Info: Hyper figures OFF on input line 6027.
Package hyperref Info: Link nesting OFF on input line 6032.
Package hyperref Info: Hyper index ON on input line 6035.
Package hyperref Info: backreferencing OFF on input line 6042.
Package hyperref Info: Link coloring OFF on input line 6047.
Package hyperref Info: Link coloring with OCG OFF on input line 6052.
Package hyperref Info: PDF/A mode OFF on input line 6057.
LaTeX Info: Redefining \ref on input line 6097.
LaTeX Info: Redefining \pageref on input line 6101.

(e:/tool/texlive/2022/texmf-dist/tex/latex/base/atbegshi-ltx.sty
Package: atbegshi-ltx 2021/01/10 v1.0c Emulation of the original atbegshi
package with kernel methods
)
\Hy@abspage=\count302
\c@Item=\count303
\c@Hfootnote=\count304
)
Package hyperref Info: Driver (autodetected): hxetex.

(e:/tool/texlive/2022/texmf-dist/tex/latex/hyperref/hxetex.def
File: hxetex.def 2022-02-21 v7.00n Hyperref driver for XeTeX

(e:/tool/texlive/2022/texmf-dist/tex/generic/stringenc/stringenc.sty
Package: stringenc 2019/11/29 v1.12 Convert strings between diff. encodings (HO
)
)
\pdfm@box=\box54
\c@Hy@AnnotLevel=\count305
\HyField@AnnotCount=\count306
\Fld@listcount=\count307
\c@bookmark@seq@number=\count308

(e:/tool/texlive/2022/texmf-dist/tex/latex/rerunfilecheck/rerunfilecheck.sty
Package: rerunfilecheck 2019/12/05 v1.9 Rerun checks for auxiliary files (HO)

(e:/tool/texlive/2022/texmf-dist/tex/latex/base/atveryend-ltx.sty
Package: atveryend-ltx 2020/08/19 v1.0a Emulation of the original atveryend pac
kage
with kernel methods
)
(e:/tool/texlive/2022/texmf-dist/tex/generic/uniquecounter/uniquecounter.sty
Package: uniquecounter 2019/12/15 v1.4 Provide unlimited unique counter (HO)
)
Package uniquecounter Info: New unique counter `rerunfilecheck' on input line 2
86.
)
\Hy@SectionHShift=\skip100
)
\cftbeforesubsubsubsecskip=\skip101
\cftsubsubsubsecindent=\skip102
\cftsubsubsubsecnumwidth=\skip103
(e:/tool/texlive/2022/texmf-dist/tex/latex/appendix/appendix.sty
Package: appendix 2020/02/08 v1.2c extra appendix facilities
\c@@pps=\count309
\c@@ppsavesec=\count310
\c@@ppsaveapp=\count311
)
(e:/tool/texlive/2022/texmf-dist/tex/latex/caption/caption.sty
Package: caption 2022/03/01 v3.6b Customizing captions (AR)

(e:/tool/texlive/2022/texmf-dist/tex/latex/caption/caption3.sty
Package: caption3 2022/03/17 v2.3b caption3 kernel (AR)
\caption@tempdima=\dimen191
\captionmargin=\dimen192
\caption@leftmargin=\dimen193
\caption@rightmargin=\dimen194
\caption@width=\dimen195
\caption@indent=\dimen196
\caption@parindent=\dimen197
\caption@hangindent=\dimen198
Package caption Info: Standard document class detected.
)
\c@caption@flags=\count312
\c@continuedfloat=\count313
Package caption Info: hyperref package is loaded.
)
(e:/tool/texlive/2022/texmf-dist/tex/latex/tools/tabularx.sty
Package: tabularx 2020/01/15 v2.11c `tabularx' package (DPC)

(e:/tool/texlive/2022/texmf-dist/tex/latex/tools/array.sty
Package: array 2021/10/04 v2.5f Tabular extension package (FMi)
\col@sep=\dimen199
\ar@mcellbox=\box55
\extrarowheight=\dimen256
\NC@list=\toks19
\extratabsurround=\skip104
\backup@length=\skip105
\ar@cellbox=\box56
)
\TX@col@width=\dimen257
\TX@old@table=\dimen258
\TX@old@col=\dimen259
\TX@target=\dimen260
\TX@delta=\dimen261
\TX@cols=\count314
\TX@ftn=\toks20
)
(e:/tool/texlive/2022/texmf-dist/tex/latex/makecell/makecell.sty
Package: makecell 2009/08/03 V0.1e Managing of Tab Column Heads and Cells
\rotheadsize=\dimen262
\c@nlinenum=\count315
\TeXr@lab=\toks21
)
(e:/tool/texlive/2022/texmf-dist/tex/latex/booktabs/booktabs.sty
Package: booktabs 2020/01/12 v1.61803398 Publication quality tables
\heavyrulewidth=\dimen263
\lightrulewidth=\dimen264
\cmidrulewidth=\dimen265
\belowrulesep=\dimen266
\belowbottomsep=\dimen267
\aboverulesep=\dimen268
\abovetopsep=\dimen269
\cmidrulesep=\dimen270
\cmidrulekern=\dimen271
\defaultaddspace=\dimen272
\@cmidla=\count316
\@cmidlb=\count317
\@aboverulesep=\dimen273
\@belowrulesep=\dimen274
\@thisruleclass=\count318
\@lastruleclass=\count319
\@thisrulewidth=\dimen275
)
(e:/tool/texlive/2022/texmf-dist/tex/latex/graphics/graphicx.sty
Package: graphicx 2021/09/16 v1.2d Enhanced LaTeX Graphics (DPC,SPQR)

(e:/tool/texlive/2022/texmf-dist/tex/latex/graphics/graphics.sty
Package: graphics 2021/03/04 v1.4d Standard LaTeX Graphics (DPC,SPQR)

(e:/tool/texlive/2022/texmf-dist/tex/latex/graphics/trig.sty
Package: trig 2021/08/11 v1.11 sin cos tan (DPC)
)
(e:/tool/texlive/2022/texmf-dist/tex/latex/graphics-cfg/graphics.cfg
File: graphics.cfg 2016/06/04 v1.11 sample graphics configuration
)
Package graphics Info: Driver file: xetex.def on input line 107.

(e:/tool/texlive/2022/texmf-dist/tex/latex/graphics-def/xetex.def
File: xetex.def 2021/03/18 v5.0k Graphics/color driver for xetex
))
\Gin@req@height=\dimen276
\Gin@req@width=\dimen277
)
(e:/tool/texlive/2022/texmf-dist/tex/latex/amsmath/amsmath.sty
Package: amsmath 2021/10/15 v2.17l AMS math features
\@mathmargin=\skip106

For additional information on amsmath, use the `?' option.
(e:/tool/texlive/2022/texmf-dist/tex/latex/amsmath/amstext.sty
Package: amstext 2021/08/26 v2.01 AMS text

(e:/tool/texlive/2022/texmf-dist/tex/latex/amsmath/amsgen.sty
File: amsgen.sty 1999/11/30 v2.0 generic functions
\@emptytoks=\toks22
\ex@=\dimen278
))
(e:/tool/texlive/2022/texmf-dist/tex/latex/amsmath/amsbsy.sty
Package: amsbsy 1999/11/29 v1.2d Bold Symbols
\pmbraise@=\dimen279
)
(e:/tool/texlive/2022/texmf-dist/tex/latex/amsmath/amsopn.sty
Package: amsopn 2021/08/26 v2.02 operator names
)
\inf@bad=\count320
LaTeX Info: Redefining \frac on input line 234.
\uproot@=\count321
\leftroot@=\count322
LaTeX Info: Redefining \overline on input line 399.
\classnum@=\count323
\DOTSCASE@=\count324
LaTeX Info: Redefining \ldots on input line 496.
LaTeX Info: Redefining \dots on input line 499.
LaTeX Info: Redefining \cdots on input line 620.
\Mathstrutbox@=\box57
\strutbox@=\box58
\big@size=\dimen280
LaTeX Font Info:    Redeclaring font encoding OML on input line 743.
LaTeX Font Info:    Redeclaring font encoding OMS on input line 744.
\macc@depth=\count325
\c@MaxMatrixCols=\count326
\dotsspace@=\muskip18
\c@parentequation=\count327
\dspbrk@lvl=\count328
\tag@help=\toks23
\row@=\count329
\column@=\count330
\maxfields@=\count331
\andhelp@=\toks24
\eqnshift@=\dimen281
\alignsep@=\dimen282
\tagshift@=\dimen283
\tagwidth@=\dimen284
\totwidth@=\dimen285
\lineht@=\dimen286
\@envbody=\toks25
\multlinegap=\skip107
\multlinetaggap=\skip108
\mathdisplay@stack=\toks26
LaTeX Info: Redefining \[ on input line 2938.
LaTeX Info: Redefining \] on input line 2939.
)
(e:/tool/texlive/2022/texmf-dist/tex/latex/enumitem/enumitem.sty
Package: enumitem 2019/06/20 v3.9 Customized lists
\labelindent=\skip109
\enit@outerparindent=\dimen287
\enit@toks=\toks27
\enit@inbox=\box59
\enit@count@id=\count332
\enitdp@description=\count333
)
(e:/tool/texlive/2022/texmf-dist/tex/latex/natbib/natbib.sty
Package: natbib 2010/09/13 8.31b (PWD, AO)
\bibhang=\skip110
\bibsep=\skip111
LaTeX Info: Redefining \cite on input line 694.
\c@NAT@ctr=\count334
))
(e:/tool/texlive/2022/texmf-dist/tex/latex/algorithms/algorithm.sty
Invalid UTF-8 byte or sequence at line 11 replaced by U+FFFD.
Package: algorithm 2009/08/24 v0.1 Document Style `algorithm' - floating enviro
nment

(e:/tool/texlive/2022/texmf-dist/tex/latex/float/float.sty
Package: float 2001/11/08 v1.3d Float enhancements (AL)
\c@float@type=\count335
\float@exts=\toks28
\float@box=\box60
\@float@everytoks=\toks29
\@floatcapt=\box61
)
(e:/tool/texlive/2022/texmf-dist/tex/latex/base/ifthen.sty
Package: ifthen 2020/11/24 v1.1c Standard LaTeX ifthen package (DPC)
)
\@float@every@algorithm=\toks30
\c@algorithm=\count336
)
(e:/tool/texlive/2022/texmf-dist/tex/latex/multirow/multirow.sty
Package: multirow 2021/03/15 v2.8 Span multiple rows of a table
\multirow@colwidth=\skip112
\multirow@cntb=\count337
\multirow@dima=\skip113
\bigstrutjot=\dimen288
)
(e:/tool/texlive/2022/texmf-dist/tex/latex/algorithmicx/algpseudocode.sty
Package: algpseudocode 

(e:/tool/texlive/2022/texmf-dist/tex/latex/algorithmicx/algorithmicx.sty
Package: algorithmicx 2005/04/27 v1.2 Algorithmicx

Document Style algorithmicx 1.2 - a greatly improved `algorithmic' style
\c@ALG@line=\count338
\c@ALG@rem=\count339
\c@ALG@nested=\count340
\ALG@tlm=\skip114
\ALG@thistlm=\skip115
\c@ALG@Lnr=\count341
\c@ALG@blocknr=\count342
\c@ALG@storecount=\count343
\c@ALG@tmpcounter=\count344
\ALG@tmplength=\skip116
)
Document Style - pseudocode environments for use with the `algorithmicx' style
) (e:/tool/texlive/2022/texmf-dist/tex/latex/amscls/amsthm.sty
Package: amsthm 2020/05/29 v2.20.6
\thm@style=\toks31
\thm@bodyfont=\toks32
\thm@headfont=\toks33
\thm@notefont=\toks34
\thm@headpunct=\toks35
\thm@preskip=\skip117
\thm@postskip=\skip118
\thm@headsep=\skip119
\dth@everypar=\toks36
)
(e:/tool/texlive/2022/texmf-dist/tex/latex/framed/framed.sty
Package: framed 2011/10/22 v 0.96: framed or shaded text with page breaks
\OuterFrameSep=\skip120
\fb@frw=\dimen289
\fb@frh=\dimen290
\FrameRule=\dimen291
\FrameSep=\dimen292
)
(e:/tool/texlive/2022/texmf-dist/tex/latex/mathtools/mathtools.sty
Package: mathtools 2022/02/07 v1.28a mathematical typesetting tools

(e:/tool/texlive/2022/texmf-dist/tex/latex/tools/calc.sty
Package: calc 2017/05/25 v4.3 Infix arithmetic (KKT,FJ)
\calc@Acount=\count345
\calc@Bcount=\count346
\calc@Adimen=\dimen293
\calc@Bdimen=\dimen294
\calc@Askip=\skip121
\calc@Bskip=\skip122
LaTeX Info: Redefining \setlength on input line 80.
LaTeX Info: Redefining \addtolength on input line 81.
\calc@Ccount=\count347
\calc@Cskip=\skip123
)
(e:/tool/texlive/2022/texmf-dist/tex/latex/mathtools/mhsetup.sty
Package: mhsetup 2021/03/18 v1.4 programming setup (MH)
)
\g_MT_multlinerow_int=\count348
\l_MT_multwidth_dim=\dimen295
\origjot=\skip124
\l_MT_shortvdotswithinadjustabove_dim=\dimen296
\l_MT_shortvdotswithinadjustbelow_dim=\dimen297
\l_MT_above_intertext_sep=\dimen298
\l_MT_below_intertext_sep=\dimen299
\l_MT_above_shortintertext_sep=\dimen300
\l_MT_below_shortintertext_sep=\dimen301
\xmathstrut@box=\box62
\xmathstrut@dim=\dimen302
)
(e:/tool/texlive/2022/texmf-dist/tex/latex/caption/subcaption.sty
Package: subcaption 2022/01/07 v1.5 Sub-captions (AR)
\c@subfigure=\count349
\c@subtable=\count350
)
(e:/tool/texlive/2022/texmf-dist/tex/xelatex/xltxtra/xltxtra.sty
Package: xltxtra 2018/12/31 v0.7 Improvements for the "XeLaTeX" format

(e:/tool/texlive/2022/texmf-dist/tex/generic/iftex/ifluatex.sty
Package: ifluatex 2019/10/25 v1.5 ifluatex legacy package. Use iftex instead.
)
(e:/tool/texlive/2022/texmf-dist/tex/generic/iftex/ifxetex.sty
Package: ifxetex 2019/10/25 v0.7 ifxetex legacy package. Use iftex instead.
)
(e:/tool/texlive/2022/texmf-dist/tex/latex/realscripts/realscripts.sty
Package: realscripts 2016/02/13 v0.3d Access OpenType subscripts and superscrip
ts
\subsupersep=\dimen303
)
(e:/tool/texlive/2022/texmf-dist/tex/latex/metalogo/metalogo.sty
Package: metalogo 2010/05/29 v0.12 Extended TeX logo macros
\xl@everylogo=\toks37
\xl@@everylogo=\toks38
LaTeX Info: Redefining \TeX on input line 193.
LaTeX Info: Redefining \LaTeX on input line 202.
LaTeX Info: Redefining \LaTeXe on input line 219.
)
\l__xetex_show_hyphens_wrapping_box=\box63
\l__xetex_show_hyphens_temp_box=\box64
\l__xetex_show_hyphens_final_box=\box65
\g__xetex_show_hyphens_word_box=\box66
)
(e:/tool/texlive/2022/texmf-dist/tex/latex/tools/bm.sty
Package: bm 2021/04/25 v1.2e Bold Symbol Support (DPC/FMi)
\symboldoperators=\mathgroup4
\symboldletters=\mathgroup5
\symboldsymbols=\mathgroup6
Package bm Info: No bold for \OMX/cmex/m/n, using \pmb.
LaTeX Font Info:    Redeclaring math alphabet \mathbf on input line 149.
)
(e:/tool/texlive/2022/texmf-dist/tex/latex/pgf/frontendlayer/tikz.sty
(e:/tool/texlive/2022/texmf-dist/tex/latex/pgf/basiclayer/pgf.sty
(e:/tool/texlive/2022/texmf-dist/tex/latex/pgf/utilities/pgfrcs.sty
(e:/tool/texlive/2022/texmf-dist/tex/generic/pgf/utilities/pgfutil-common.tex
\pgfutil@everybye=\toks39
\pgfutil@tempdima=\dimen304
\pgfutil@tempdimb=\dimen305

(e:/tool/texlive/2022/texmf-dist/tex/generic/pgf/utilities/pgfutil-common-lists
.tex))
(e:/tool/texlive/2022/texmf-dist/tex/generic/pgf/utilities/pgfutil-latex.def
\pgfutil@abb=\box67
)
(e:/tool/texlive/2022/texmf-dist/tex/generic/pgf/utilities/pgfrcs.code.tex
(e:/tool/texlive/2022/texmf-dist/tex/generic/pgf/pgf.revision.tex)
Package: pgfrcs 2021/05/15 v3.1.9a (3.1.9a)
))
Package: pgf 2021/05/15 v3.1.9a (3.1.9a)

(e:/tool/texlive/2022/texmf-dist/tex/latex/pgf/basiclayer/pgfcore.sty
(e:/tool/texlive/2022/texmf-dist/tex/latex/pgf/systemlayer/pgfsys.sty
(e:/tool/texlive/2022/texmf-dist/tex/generic/pgf/systemlayer/pgfsys.code.tex
Package: pgfsys 2021/05/15 v3.1.9a (3.1.9a)

(e:/tool/texlive/2022/texmf-dist/tex/generic/pgf/utilities/pgfkeys.code.tex
\pgfkeys@pathtoks=\toks40
\pgfkeys@temptoks=\toks41

(e:/tool/texlive/2022/texmf-dist/tex/generic/pgf/utilities/pgfkeysfiltered.code
.tex
\pgfkeys@tmptoks=\toks42
))
\pgf@x=\dimen306
\pgf@y=\dimen307
\pgf@xa=\dimen308
\pgf@ya=\dimen309
\pgf@xb=\dimen310
\pgf@yb=\dimen311
\pgf@xc=\dimen312
\pgf@yc=\dimen313
\pgf@xd=\dimen314
\pgf@yd=\dimen315
\w@pgf@writea=\write3
\r@pgf@reada=\read2
\c@pgf@counta=\count351
\c@pgf@countb=\count352
\c@pgf@countc=\count353
\c@pgf@countd=\count354
\t@pgf@toka=\toks43
\t@pgf@tokb=\toks44
\t@pgf@tokc=\toks45
\pgf@sys@id@count=\count355
 (e:/tool/texlive/2022/texmf-dist/tex/generic/pgf/systemlayer/pgf.cfg
File: pgf.cfg 2021/05/15 v3.1.9a (3.1.9a)
)
Driver file for pgf: pgfsys-xetex.def

(e:/tool/texlive/2022/texmf-dist/tex/generic/pgf/systemlayer/pgfsys-xetex.def
File: pgfsys-xetex.def 2021/05/15 v3.1.9a (3.1.9a)

(e:/tool/texlive/2022/texmf-dist/tex/generic/pgf/systemlayer/pgfsys-dvipdfmx.de
f
File: pgfsys-dvipdfmx.def 2021/05/15 v3.1.9a (3.1.9a)

(e:/tool/texlive/2022/texmf-dist/tex/generic/pgf/systemlayer/pgfsys-common-pdf.
def
File: pgfsys-common-pdf.def 2021/05/15 v3.1.9a (3.1.9a)
)
\pgfsys@objnum=\count356
)))
(e:/tool/texlive/2022/texmf-dist/tex/generic/pgf/systemlayer/pgfsyssoftpath.cod
e.tex
File: pgfsyssoftpath.code.tex 2021/05/15 v3.1.9a (3.1.9a)
\pgfsyssoftpath@smallbuffer@items=\count357
\pgfsyssoftpath@bigbuffer@items=\count358
)
(e:/tool/texlive/2022/texmf-dist/tex/generic/pgf/systemlayer/pgfsysprotocol.cod
e.tex
File: pgfsysprotocol.code.tex 2021/05/15 v3.1.9a (3.1.9a)
)) (e:/tool/texlive/2022/texmf-dist/tex/latex/xcolor/xcolor.sty
Package: xcolor 2021/10/31 v2.13 LaTeX color extensions (UK)

(e:/tool/texlive/2022/texmf-dist/tex/latex/graphics-cfg/color.cfg
File: color.cfg 2016/01/02 v1.6 sample color configuration
)
Package xcolor Info: Driver file: xetex.def on input line 227.
Package xcolor Info: Model `cmy' substituted by `cmy0' on input line 1352.
Package xcolor Info: Model `RGB' extended on input line 1368.
Package xcolor Info: Model `HTML' substituted by `rgb' on input line 1370.
Package xcolor Info: Model `Hsb' substituted by `hsb' on input line 1371.
Package xcolor Info: Model `tHsb' substituted by `hsb' on input line 1372.
Package xcolor Info: Model `HSB' substituted by `hsb' on input line 1373.
Package xcolor Info: Model `Gray' substituted by `gray' on input line 1374.
Package xcolor Info: Model `wave' substituted by `hsb' on input line 1375.
)
(e:/tool/texlive/2022/texmf-dist/tex/generic/pgf/basiclayer/pgfcore.code.tex
Package: pgfcore 2021/05/15 v3.1.9a (3.1.9a)

(e:/tool/texlive/2022/texmf-dist/tex/generic/pgf/math/pgfmath.code.tex
(e:/tool/texlive/2022/texmf-dist/tex/generic/pgf/math/pgfmathcalc.code.tex
(e:/tool/texlive/2022/texmf-dist/tex/generic/pgf/math/pgfmathutil.code.tex)
(e:/tool/texlive/2022/texmf-dist/tex/generic/pgf/math/pgfmathparser.code.tex
\pgfmath@dimen=\dimen316
\pgfmath@count=\count359
\pgfmath@box=\box68
\pgfmath@toks=\toks46
\pgfmath@stack@operand=\toks47
\pgfmath@stack@operation=\toks48
)
(e:/tool/texlive/2022/texmf-dist/tex/generic/pgf/math/pgfmathfunctions.code.tex

(e:/tool/texlive/2022/texmf-dist/tex/generic/pgf/math/pgfmathfunctions.basic.co
de.tex)
(e:/tool/texlive/2022/texmf-dist/tex/generic/pgf/math/pgfmathfunctions.trigonom
etric.code.tex)
(e:/tool/texlive/2022/texmf-dist/tex/generic/pgf/math/pgfmathfunctions.random.c
ode.tex)
(e:/tool/texlive/2022/texmf-dist/tex/generic/pgf/math/pgfmathfunctions.comparis
on.code.tex)
(e:/tool/texlive/2022/texmf-dist/tex/generic/pgf/math/pgfmathfunctions.base.cod
e.tex)
(e:/tool/texlive/2022/texmf-dist/tex/generic/pgf/math/pgfmathfunctions.round.co
de.tex)
(e:/tool/texlive/2022/texmf-dist/tex/generic/pgf/math/pgfmathfunctions.misc.cod
e.tex)
(e:/tool/texlive/2022/texmf-dist/tex/generic/pgf/math/pgfmathfunctions.integera
rithmetics.code.tex)))
(e:/tool/texlive/2022/texmf-dist/tex/generic/pgf/math/pgfmathfloat.code.tex
\c@pgfmathroundto@lastzeros=\count360
))
(e:/tool/texlive/2022/texmf-dist/tex/generic/pgf/math/pgfint.code.tex)
(e:/tool/texlive/2022/texmf-dist/tex/generic/pgf/basiclayer/pgfcorepoints.code.
tex
File: pgfcorepoints.code.tex 2021/05/15 v3.1.9a (3.1.9a)
\pgf@picminx=\dimen317
\pgf@picmaxx=\dimen318
\pgf@picminy=\dimen319
\pgf@picmaxy=\dimen320
\pgf@pathminx=\dimen321
\pgf@pathmaxx=\dimen322
\pgf@pathminy=\dimen323
\pgf@pathmaxy=\dimen324
\pgf@xx=\dimen325
\pgf@xy=\dimen326
\pgf@yx=\dimen327
\pgf@yy=\dimen328
\pgf@zx=\dimen329
\pgf@zy=\dimen330
)
(e:/tool/texlive/2022/texmf-dist/tex/generic/pgf/basiclayer/pgfcorepathconstruc
t.code.tex
File: pgfcorepathconstruct.code.tex 2021/05/15 v3.1.9a (3.1.9a)
\pgf@path@lastx=\dimen331
\pgf@path@lasty=\dimen332
)
(e:/tool/texlive/2022/texmf-dist/tex/generic/pgf/basiclayer/pgfcorepathusage.co
de.tex
File: pgfcorepathusage.code.tex 2021/05/15 v3.1.9a (3.1.9a)
\pgf@shorten@end@additional=\dimen333
\pgf@shorten@start@additional=\dimen334
)
(e:/tool/texlive/2022/texmf-dist/tex/generic/pgf/basiclayer/pgfcorescopes.code.
tex
File: pgfcorescopes.code.tex 2021/05/15 v3.1.9a (3.1.9a)
\pgfpic=\box69
\pgf@hbox=\box70
\pgf@layerbox@main=\box71
\pgf@picture@serial@count=\count361
)
(e:/tool/texlive/2022/texmf-dist/tex/generic/pgf/basiclayer/pgfcoregraphicstate
.code.tex
File: pgfcoregraphicstate.code.tex 2021/05/15 v3.1.9a (3.1.9a)
\pgflinewidth=\dimen335
)
(e:/tool/texlive/2022/texmf-dist/tex/generic/pgf/basiclayer/pgfcoretransformati
ons.code.tex
File: pgfcoretransformations.code.tex 2021/05/15 v3.1.9a (3.1.9a)
\pgf@pt@x=\dimen336
\pgf@pt@y=\dimen337
\pgf@pt@temp=\dimen338
)
(e:/tool/texlive/2022/texmf-dist/tex/generic/pgf/basiclayer/pgfcorequick.code.t
ex
File: pgfcorequick.code.tex 2021/05/15 v3.1.9a (3.1.9a)
)
(e:/tool/texlive/2022/texmf-dist/tex/generic/pgf/basiclayer/pgfcoreobjects.code
.tex
File: pgfcoreobjects.code.tex 2021/05/15 v3.1.9a (3.1.9a)
)
(e:/tool/texlive/2022/texmf-dist/tex/generic/pgf/basiclayer/pgfcorepathprocessi
ng.code.tex
File: pgfcorepathprocessing.code.tex 2021/05/15 v3.1.9a (3.1.9a)
)
(e:/tool/texlive/2022/texmf-dist/tex/generic/pgf/basiclayer/pgfcorearrows.code.
tex
File: pgfcorearrows.code.tex 2021/05/15 v3.1.9a (3.1.9a)
\pgfarrowsep=\dimen339
)
(e:/tool/texlive/2022/texmf-dist/tex/generic/pgf/basiclayer/pgfcoreshade.code.t
ex
File: pgfcoreshade.code.tex 2021/05/15 v3.1.9a (3.1.9a)
\pgf@max=\dimen340
\pgf@sys@shading@range@num=\count362
\pgf@shadingcount=\count363
)
(e:/tool/texlive/2022/texmf-dist/tex/generic/pgf/basiclayer/pgfcoreimage.code.t
ex
File: pgfcoreimage.code.tex 2021/05/15 v3.1.9a (3.1.9a)

(e:/tool/texlive/2022/texmf-dist/tex/generic/pgf/basiclayer/pgfcoreexternal.cod
e.tex
File: pgfcoreexternal.code.tex 2021/05/15 v3.1.9a (3.1.9a)
\pgfexternal@startupbox=\box72
))
(e:/tool/texlive/2022/texmf-dist/tex/generic/pgf/basiclayer/pgfcorelayers.code.
tex
File: pgfcorelayers.code.tex 2021/05/15 v3.1.9a (3.1.9a)
)
(e:/tool/texlive/2022/texmf-dist/tex/generic/pgf/basiclayer/pgfcoretransparency
.code.tex
File: pgfcoretransparency.code.tex 2021/05/15 v3.1.9a (3.1.9a)
)
(e:/tool/texlive/2022/texmf-dist/tex/generic/pgf/basiclayer/pgfcorepatterns.cod
e.tex
File: pgfcorepatterns.code.tex 2021/05/15 v3.1.9a (3.1.9a)
)
(e:/tool/texlive/2022/texmf-dist/tex/generic/pgf/basiclayer/pgfcorerdf.code.tex
File: pgfcorerdf.code.tex 2021/05/15 v3.1.9a (3.1.9a)
)))
(e:/tool/texlive/2022/texmf-dist/tex/generic/pgf/modules/pgfmoduleshapes.code.t
ex
File: pgfmoduleshapes.code.tex 2021/05/15 v3.1.9a (3.1.9a)
\pgfnodeparttextbox=\box73
)
(e:/tool/texlive/2022/texmf-dist/tex/generic/pgf/modules/pgfmoduleplot.code.tex
File: pgfmoduleplot.code.tex 2021/05/15 v3.1.9a (3.1.9a)
)
(e:/tool/texlive/2022/texmf-dist/tex/latex/pgf/compatibility/pgfcomp-version-0-
65.sty
Package: pgfcomp-version-0-65 2021/05/15 v3.1.9a (3.1.9a)
\pgf@nodesepstart=\dimen341
\pgf@nodesepend=\dimen342
)
(e:/tool/texlive/2022/texmf-dist/tex/latex/pgf/compatibility/pgfcomp-version-1-
18.sty
Package: pgfcomp-version-1-18 2021/05/15 v3.1.9a (3.1.9a)
)) (e:/tool/texlive/2022/texmf-dist/tex/latex/pgf/utilities/pgffor.sty
(e:/tool/texlive/2022/texmf-dist/tex/latex/pgf/utilities/pgfkeys.sty
(e:/tool/texlive/2022/texmf-dist/tex/generic/pgf/utilities/pgfkeys.code.tex))
(e:/tool/texlive/2022/texmf-dist/tex/latex/pgf/math/pgfmath.sty
(e:/tool/texlive/2022/texmf-dist/tex/generic/pgf/math/pgfmath.code.tex))
(e:/tool/texlive/2022/texmf-dist/tex/generic/pgf/utilities/pgffor.code.tex
Package: pgffor 2021/05/15 v3.1.9a (3.1.9a)

(e:/tool/texlive/2022/texmf-dist/tex/generic/pgf/math/pgfmath.code.tex)
\pgffor@iter=\dimen343
\pgffor@skip=\dimen344
\pgffor@stack=\toks49
\pgffor@toks=\toks50
))
(e:/tool/texlive/2022/texmf-dist/tex/generic/pgf/frontendlayer/tikz/tikz.code.t
ex
Package: tikz 2021/05/15 v3.1.9a (3.1.9a)

(e:/tool/texlive/2022/texmf-dist/tex/generic/pgf/libraries/pgflibraryplothandle
rs.code.tex
File: pgflibraryplothandlers.code.tex 2021/05/15 v3.1.9a (3.1.9a)
\pgf@plot@mark@count=\count364
\pgfplotmarksize=\dimen345
)
\tikz@lastx=\dimen346
\tikz@lasty=\dimen347
\tikz@lastxsaved=\dimen348
\tikz@lastysaved=\dimen349
\tikz@lastmovetox=\dimen350
\tikz@lastmovetoy=\dimen351
\tikzleveldistance=\dimen352
\tikzsiblingdistance=\dimen353
\tikz@figbox=\box74
\tikz@figbox@bg=\box75
\tikz@tempbox=\box76
\tikz@tempbox@bg=\box77
\tikztreelevel=\count365
\tikznumberofchildren=\count366
\tikznumberofcurrentchild=\count367
\tikz@fig@count=\count368

(e:/tool/texlive/2022/texmf-dist/tex/generic/pgf/modules/pgfmodulematrix.code.t
ex
File: pgfmodulematrix.code.tex 2021/05/15 v3.1.9a (3.1.9a)
\pgfmatrixcurrentrow=\count369
\pgfmatrixcurrentcolumn=\count370
\pgf@matrix@numberofcolumns=\count371
)
\tikz@expandcount=\count372

(e:/tool/texlive/2022/texmf-dist/tex/generic/pgf/frontendlayer/tikz/libraries/t
ikzlibrarytopaths.code.tex
File: tikzlibrarytopaths.code.tex 2021/05/15 v3.1.9a (3.1.9a)
)))
(e:/tool/texlive/2022/texmf-dist/tex/latex/tikzscale/tikzscale.sty
Package: tikzscale 2013/05/22 v0.2.6 tikzscale LaTeX package

(e:/tool/texlive/2022/texmf-dist/tex/latex/etoolbox/etoolbox.sty
Package: etoolbox 2020/10/05 v2.5k e-TeX tools for LaTeX (JAW)
\etb@tempcnta=\count373
)
\tikzscale@measuredSize=\box78
)
(e:/tool/texlive/2022/texmf-dist/tex/latex/pgfplots/pgfplots.sty
(e:/tool/texlive/2022/texmf-dist/tex/generic/pgfplots/pgfplots.revision.tex)
Package: pgfplots 2021/05/15 v1.18.1 Data Visualization (1.18.1)

(e:/tool/texlive/2022/texmf-dist/tex/generic/pgfplots/pgfplots.code.tex
(e:/tool/texlive/2022/texmf-dist/tex/generic/pgfplots/pgfplotscore.code.tex
\t@pgfplots@toka=\toks51
\t@pgfplots@tokb=\toks52
\t@pgfplots@tokc=\toks53
\pgfplots@tmpa=\dimen354
\c@pgfplots@coordindex=\count374
\c@pgfplots@scanlineindex=\count375

(e:/tool/texlive/2022/texmf-dist/tex/generic/pgfplots/sys/pgfplotssysgeneric.co
de.tex))
(e:/tool/texlive/2022/texmf-dist/tex/generic/pgfplots/libs/pgfplotslibrary.code
.tex)
(e:/tool/texlive/2022/texmf-dist/tex/generic/pgfplots/oldpgfcompatib/pgfplotsol
dpgfsupp_loader.code.tex
(e:/tool/texlive/2022/texmf-dist/tex/generic/pgf/libraries/pgflibraryfpu.code.t
ex))
(e:/tool/texlive/2022/texmf-dist/tex/generic/pgfplots/util/pgfplotsutil.code.te
x
(e:/tool/texlive/2022/texmf-dist/tex/generic/pgfplots/liststructure/pgfplotslis
tstructure.code.tex)
(e:/tool/texlive/2022/texmf-dist/tex/generic/pgfplots/liststructure/pgfplotslis
tstructureext.code.tex)
(e:/tool/texlive/2022/texmf-dist/tex/generic/pgfplots/liststructure/pgfplotsarr
ay.code.tex
\c@pgfplotsarray@tmp=\count376
)
(e:/tool/texlive/2022/texmf-dist/tex/generic/pgfplots/liststructure/pgfplotsmat
rix.code.tex)
(e:/tool/texlive/2022/texmf-dist/tex/generic/pgfplots/numtable/pgfplotstablesha
red.code.tex
\c@pgfplotstable@counta=\count377
\t@pgfplotstable@a=\toks54
)
(e:/tool/texlive/2022/texmf-dist/tex/generic/pgfplots/liststructure/pgfplotsdeq
ue.code.tex)
(e:/tool/texlive/2022/texmf-dist/tex/generic/pgfplots/util/pgfplotsbinary.code.
tex
(e:/tool/texlive/2022/texmf-dist/tex/generic/pgfplots/util/pgfplotsbinary.data.
code.tex))
(e:/tool/texlive/2022/texmf-dist/tex/generic/pgfplots/util/pgfplotsutil.verb.co
de.tex)
(e:/tool/texlive/2022/texmf-dist/tex/generic/pgfplots/libs/pgflibrarypgfplots.s
urfshading.code.tex
\c@pgfplotslibrarysurf@no=\count378

(e:/tool/texlive/2022/texmf-dist/tex/generic/pgfplots/sys/pgflibrarypgfplots.su
rfshading.pgfsys-xetex.def
(e:/tool/texlive/2022/texmf-dist/tex/generic/pgfplots/sys/pgflibrarypgfplots.su
rfshading.pgfsys-dvipdfmx.def
\c@pgfplotslibrarysurf@streamlen=\count379
))))
(e:/tool/texlive/2022/texmf-dist/tex/generic/pgfplots/util/pgfplotscolormap.cod
e.tex
(e:/tool/texlive/2022/texmf-dist/tex/generic/pgfplots/util/pgfplotscolor.code.t
ex))
(e:/tool/texlive/2022/texmf-dist/tex/generic/pgfplots/pgfplotsstackedplots.code
.tex)
(e:/tool/texlive/2022/texmf-dist/tex/generic/pgfplots/pgfplotsplothandlers.code
.tex
(e:/tool/texlive/2022/texmf-dist/tex/generic/pgfplots/pgfplotsmeshplothandler.c
ode.tex
(e:/tool/texlive/2022/texmf-dist/tex/generic/pgfplots/pgfplotsmeshplotimage.cod
e.tex)))
(e:/tool/texlive/2022/texmf-dist/tex/generic/pgfplots/pgfplots.scaling.code.tex
)
(e:/tool/texlive/2022/texmf-dist/tex/generic/pgfplots/pgfplotscoordprocessing.c
ode.tex)
(e:/tool/texlive/2022/texmf-dist/tex/generic/pgfplots/pgfplots.errorbars.code.t
ex)
(e:/tool/texlive/2022/texmf-dist/tex/generic/pgfplots/pgfplots.markers.code.tex
) (e:/tool/texlive/2022/texmf-dist/tex/generic/pgfplots/pgfplotsticks.code.tex)
(e:/tool/texlive/2022/texmf-dist/tex/generic/pgfplots/pgfplots.paths.code.tex)
(e:/tool/texlive/2022/texmf-dist/tex/generic/pgf/frontendlayer/tikz/libraries/t
ikzlibrarydecorations.code.tex
(e:/tool/texlive/2022/texmf-dist/tex/generic/pgf/modules/pgfmoduledecorations.c
ode.tex
\pgfdecoratedcompleteddistance=\dimen355
\pgfdecoratedremainingdistance=\dimen356
\pgfdecoratedinputsegmentcompleteddistance=\dimen357
\pgfdecoratedinputsegmentremainingdistance=\dimen358
\pgf@decorate@distancetomove=\dimen359
\pgf@decorate@repeatstate=\count380
\pgfdecorationsegmentamplitude=\dimen360
\pgfdecorationsegmentlength=\dimen361
)
\tikz@lib@dec@box=\box79
)
(e:/tool/texlive/2022/texmf-dist/tex/generic/pgf/frontendlayer/tikz/libraries/t
ikzlibrarydecorations.pathmorphing.code.tex
(e:/tool/texlive/2022/texmf-dist/tex/generic/pgf/libraries/decorations/pgflibra
rydecorations.pathmorphing.code.tex))
(e:/tool/texlive/2022/texmf-dist/tex/generic/pgf/frontendlayer/tikz/libraries/t
ikzlibrarydecorations.pathreplacing.code.tex
(e:/tool/texlive/2022/texmf-dist/tex/generic/pgf/libraries/decorations/pgflibra
rydecorations.pathreplacing.code.tex))
(e:/tool/texlive/2022/texmf-dist/tex/generic/pgfplots/libs/tikzlibrarypgfplots.
contourlua.code.tex)
\pgfplots@numplots=\count381
\pgfplots@xmin@reg=\dimen362
\pgfplots@xmax@reg=\dimen363
\pgfplots@ymin@reg=\dimen364
\pgfplots@ymax@reg=\dimen365
\pgfplots@zmin@reg=\dimen366
\pgfplots@zmax@reg=\dimen367
)
(e:/tool/texlive/2022/texmf-dist/tex/generic/pgf/frontendlayer/tikz/libraries/t
ikzlibraryplotmarks.code.tex
File: tikzlibraryplotmarks.code.tex 2021/05/15 v3.1.9a (3.1.9a)

(e:/tool/texlive/2022/texmf-dist/tex/generic/pgf/libraries/pgflibraryplotmarks.
code.tex
File: pgflibraryplotmarks.code.tex 2021/05/15 v3.1.9a (3.1.9a)
))) (e:/tool/texlive/2022/texmf-dist/tex/latex/listings/listings.sty
\lst@mode=\count382
\lst@gtempboxa=\box80
\lst@token=\toks55
\lst@length=\count383
\lst@currlwidth=\dimen368
\lst@column=\count384
\lst@pos=\count385
\lst@lostspace=\dimen369
\lst@width=\dimen370
\lst@newlines=\count386
\lst@lineno=\count387
\lst@maxwidth=\dimen371

(e:/tool/texlive/2022/texmf-dist/tex/latex/listings/lstmisc.sty
File: lstmisc.sty 2020/03/24 1.8d (Carsten Heinz)
\c@lstnumber=\count388
\lst@skipnumbers=\count389
\lst@framebox=\box81
)
(e:/tool/texlive/2022/texmf-dist/tex/latex/listings/listings.cfg
File: listings.cfg 2020/03/24 1.8d listings configuration
))
Package: listings 2020/03/24 1.8d (Carsten Heinz)

(e:/tool/texlive/2022/texmf-dist/tex/xelatex/xecjk/xeCJK-listings.sty
Package: xeCJK-listings 2021/12/12 v3.8.8 xeCJK patch file for listings
\l__xeCJK_listings_max_char_int=\count390
\l__xeCJK_listings_flag_int=\count391
)
\c@thm=\count392
\c@lem=\count393
\c@alg=\count394
\tikzscale@accuracy=\skip125

(out/example.aux)
\openout1 = `example.aux'.

LaTeX Font Info:    Checking defaults for OML/cmm/m/it on input line 187.
LaTeX Font Info:    ... okay on input line 187.
LaTeX Font Info:    Checking defaults for OMS/cmsy/m/n on input line 187.
LaTeX Font Info:    ... okay on input line 187.
LaTeX Font Info:    Checking defaults for OT1/cmr/m/n on input line 187.
LaTeX Font Info:    ... okay on input line 187.
LaTeX Font Info:    Checking defaults for T1/cmr/m/n on input line 187.
LaTeX Font Info:    ... okay on input line 187.
LaTeX Font Info:    Checking defaults for TS1/cmr/m/n on input line 187.
LaTeX Font Info:    ... okay on input line 187.
LaTeX Font Info:    Checking defaults for TU/lmr/m/n on input line 187.
LaTeX Font Info:    ... okay on input line 187.
LaTeX Font Info:    Checking defaults for OMX/cmex/m/n on input line 187.
LaTeX Font Info:    ... okay on input line 187.
LaTeX Font Info:    Checking defaults for U/cmr/m/n on input line 187.
LaTeX Font Info:    ... okay on input line 187.
LaTeX Font Info:    Checking defaults for PD1/pdf/m/n on input line 187.
LaTeX Font Info:    ... okay on input line 187.
LaTeX Font Info:    Checking defaults for PU/pdf/m/n on input line 187.
LaTeX Font Info:    ... okay on input line 187.

Package fontspec Info: Adjusting the maths setup (use [no-math] to avoid
(fontspec)             this).

\symlegacymaths=\mathgroup7
LaTeX Font Info:    Overwriting symbol font `legacymaths' in version `bold'
(Font)                  OT1/cmr/m/n --> OT1/cmr/bx/n on input line 187.
LaTeX Font Info:    Redeclaring math accent \acute on input line 187.
LaTeX Font Info:    Redeclaring math accent \grave on input line 187.
LaTeX Font Info:    Redeclaring math accent \ddot on input line 187.
LaTeX Font Info:    Redeclaring math accent \tilde on input line 187.
LaTeX Font Info:    Redeclaring math accent \bar on input line 187.
LaTeX Font Info:    Redeclaring math accent \breve on input line 187.
LaTeX Font Info:    Redeclaring math accent \check on input line 187.
LaTeX Font Info:    Redeclaring math accent \hat on input line 187.
LaTeX Font Info:    Redeclaring math accent \dot on input line 187.
LaTeX Font Info:    Redeclaring math accent \mathring on input line 187.
LaTeX Font Info:    Redeclaring math symbol \Gamma on input line 187.
LaTeX Font Info:    Redeclaring math symbol \Delta on input line 187.
LaTeX Font Info:    Redeclaring math symbol \Theta on input line 187.
LaTeX Font Info:    Redeclaring math symbol \Lambda on input line 187.
LaTeX Font Info:    Redeclaring math symbol \Xi on input line 187.
LaTeX Font Info:    Redeclaring math symbol \Pi on input line 187.
LaTeX Font Info:    Redeclaring math symbol \Sigma on input line 187.
LaTeX Font Info:    Redeclaring math symbol \Upsilon on input line 187.
LaTeX Font Info:    Redeclaring math symbol \Phi on input line 187.
LaTeX Font Info:    Redeclaring math symbol \Psi on input line 187.
LaTeX Font Info:    Redeclaring math symbol \Omega on input line 187.
LaTeX Font Info:    Redeclaring math symbol \mathdollar on input line 187.
LaTeX Font Info:    Redeclaring symbol font `operators' on input line 187.
LaTeX Font Info:    Encoding `OT1' has changed to `TU' for symbol font
(Font)              `operators' in the math version `normal' on input line 187.

LaTeX Font Info:    Overwriting symbol font `operators' in version `normal'
(Font)                  OT1/cmr/m/n --> TU/TimesNewRoman(0)/m/n on input line 1
87.
LaTeX Font Info:    Encoding `OT1' has changed to `TU' for symbol font
(Font)              `operators' in the math version `bold' on input line 187.
LaTeX Font Info:    Overwriting symbol font `operators' in version `bold'
(Font)                  OT1/cmr/bx/n --> TU/TimesNewRoman(0)/m/n on input line 
187.
LaTeX Font Info:    Overwriting symbol font `operators' in version `normal'
(Font)                  TU/TimesNewRoman(0)/m/n --> TU/TimesNewRoman(0)/m/n on 
input line 187.
LaTeX Font Info:    Overwriting math alphabet `\mathit' in version `normal'
(Font)                  OT1/cmr/m/it --> TU/TimesNewRoman(0)/m/it on input line
 187.
LaTeX Font Info:    Overwriting math alphabet `\mathbf' in version `normal'
(Font)                  OT1/cmr/bx/n --> TU/TimesNewRoman(0)/b/n on input line 
187.
LaTeX Font Info:    Overwriting math alphabet `\mathsf' in version `normal'
(Font)                  OT1/cmss/m/n --> TU/lmss/m/n on input line 187.
LaTeX Font Info:    Overwriting math alphabet `\mathtt' in version `normal'
(Font)                  OT1/cmtt/m/n --> TU/lmtt/m/n on input line 187.
LaTeX Font Info:    Overwriting symbol font `operators' in version `bold'
(Font)                  TU/TimesNewRoman(0)/m/n --> TU/TimesNewRoman(0)/b/n on 
input line 187.
LaTeX Font Info:    Overwriting math alphabet `\mathit' in version `bold'
(Font)                  OT1/cmr/bx/it --> TU/TimesNewRoman(0)/b/it on input lin
e 187.
LaTeX Font Info:    Overwriting math alphabet `\mathsf' in version `bold'
(Font)                  OT1/cmss/bx/n --> TU/lmss/b/n on input line 187.
LaTeX Font Info:    Overwriting math alphabet `\mathtt' in version `bold'
(Font)                  OT1/cmtt/m/n --> TU/lmtt/b/n on input line 187.

*geometry* driver: auto-detecting
*geometry* detected driver: xetex
*geometry* verbose mode - [ preamble ] result:
* driver: xetex
* paper: <default>
* layout: <same size as paper>
* layoutoffset:(h,v)=(0.0pt,0.0pt)
* modes: 
* h-part:(L,W,R)=(90.47955pt, 416.54877pt, 90.47955pt)
* v-part:(T,H,B)=(42.67912pt, 759.6886pt, 42.67912pt)
* \paperwidth=597.50787pt
* \paperheight=845.04684pt
* \textwidth=416.54877pt
* \textheight=759.6886pt
* \oddsidemargin=18.20956pt
* \evensidemargin=18.20956pt
* \topmargin=-55.63586pt
* \headheight=14.0pt
* \headsep=12.045pt
* \topskip=10.0pt
* \footskip=24.09pt
* \marginparwidth=57.0pt
* \marginparsep=11.0pt
* \columnsep=10.0pt
* \skip\footins=9.0pt plus 4.0pt minus 2.0pt
* \hoffset=0.0pt
* \voffset=0.0pt
* \mag=1000
* \@twocolumnfalse
* \@twosidefalse
* \@mparswitchfalse
* \@reversemarginfalse
* (1in=72.27pt=25.4mm, 1cm=28.453pt)

Package hyperref Info: Link coloring OFF on input line 187.
(e:/tool/texlive/2022/texmf-dist/tex/latex/hyperref/nameref.sty
Package: nameref 2021-04-02 v2.47 Cross-referencing by name of section

(e:/tool/texlive/2022/texmf-dist/tex/latex/refcount/refcount.sty
Package: refcount 2019/12/15 v3.6 Data extraction from label references (HO)
)
(e:/tool/texlive/2022/texmf-dist/tex/generic/gettitlestring/gettitlestring.sty
Package: gettitlestring 2019/12/15 v1.6 Cleanup title references (HO)
)
\c@section@level=\count395
)
LaTeX Info: Redefining \ref on input line 187.
LaTeX Info: Redefining \pageref on input line 187.
LaTeX Info: Redefining \nameref on input line 187.
 (out/example.out) (out/example.out)
\@outlinefile=\write4
\openout4 = `example.out'.

Package caption Info: Begin \AtBeginDocument code.
Package caption Info: float package is loaded.
Package caption Info: listings package is loaded.
Package caption Info: End \AtBeginDocument code.

Package pgfplots notification 'compat/show suggested version=true': document ha
s been generated with the most recent feature set (\pgfplotsset{compat=1.18}).

\c@lstlisting=\count396
File: HUSTBlack.eps Graphic file (type eps)
<HUSTBlack.eps>

Package fontspec Info: Font family 'FangSong(0)' created for font 'FangSong'
(fontspec)             with options
(fontspec)             [Script={CJK},AutoFakeBold={4},AutoFakeSlant={0.167}].
(fontspec)              
(fontspec)              This font family consists of the following NFSS
(fontspec)             series/shapes:
(fontspec)              
(fontspec)             - 'normal' (m/n) with NFSS spec.:
(fontspec)             <->"FangSong/OT:script=hani;language=dflt;"
(fontspec)             - 'small caps'  (m/sc) with NFSS spec.: 
(fontspec)             - 'bold' (b/n) with NFSS spec.:
(fontspec)             <->"FangSong/OT:script=hani;language=dflt;embolden=4;"
(fontspec)             - 'bold small caps'  (b/sc) with NFSS spec.: 
(fontspec)             - 'italic' (m/it) with NFSS spec.:
(fontspec)             <->"FangSong/OT:script=hani;language=dflt;slant=0.167;"
(fontspec)             - 'italic small caps'  (m/scit) with NFSS spec.: 
(fontspec)             - 'bold italic' (b/it) with NFSS spec.:
(fontspec)             <->"FangSong/OT:script=hani;language=dflt;embolden=4;sla
nt=0.167;"
(fontspec)             - 'bold italic small caps'  (b/scit) with NFSS spec.: 


Package fontspec Info: Font family 'SimHei(0)' created for font 'SimHei' with
(fontspec)             options
(fontspec)             [Script={CJK},AutoFakeBold={4},AutoFakeSlant={0.167}].
(fontspec)              
(fontspec)              This font family consists of the following NFSS
(fontspec)             series/shapes:
(fontspec)              
(fontspec)             - 'normal' (m/n) with NFSS spec.:
(fontspec)             <->"SimHei/OT:script=hani;language=dflt;"
(fontspec)             - 'small caps'  (m/sc) with NFSS spec.: 
(fontspec)             - 'bold' (b/n) with NFSS spec.:
(fontspec)             <->"SimHei/OT:script=hani;language=dflt;embolden=4;"
(fontspec)             - 'bold small caps'  (b/sc) with NFSS spec.: 
(fontspec)             - 'italic' (m/it) with NFSS spec.:
(fontspec)             <->"SimHei/OT:script=hani;language=dflt;slant=0.167;"
(fontspec)             - 'italic small caps'  (m/scit) with NFSS spec.: 
(fontspec)             - 'bold italic' (b/it) with NFSS spec.:
(fontspec)             <->"SimHei/OT:script=hani;language=dflt;embolden=4;slant
=0.167;"
(fontspec)             - 'bold italic small caps'  (b/scit) with NFSS spec.: 


LaTeX Font Warning: Font shape `OMX/cmex/m/n' in size <22.08249> not available
(Font)              size <20.74> substituted on input line 188.


LaTeX Font Warning: Font shape `OMX/cmex/m/n' in size <16.06> not available
(Font)              size <17.28> substituted on input line 188.


Package fontspec Info: Font family 'SimSun(1)' created for font 'SimSun' with
(fontspec)             options
(fontspec)             [Script={CJK},AutoFakeBold={4},AutoFakeSlant={0.167}].
(fontspec)              
(fontspec)              This font family consists of the following NFSS
(fontspec)             series/shapes:
(fontspec)              
(fontspec)             - 'normal' (m/n) with NFSS spec.:
(fontspec)             <->"SimSun/OT:script=hani;language=dflt;"
(fontspec)             - 'small caps'  (m/sc) with NFSS spec.: 
(fontspec)             - 'bold' (b/n) with NFSS spec.:
(fontspec)             <->"SimSun/OT:script=hani;language=dflt;embolden=4;"
(fontspec)             - 'bold small caps'  (b/sc) with NFSS spec.: 
(fontspec)             - 'italic' (m/it) with NFSS spec.:
(fontspec)             <->"SimSun/OT:script=hani;language=dflt;slant=0.167;"
(fontspec)             - 'italic small caps'  (m/scit) with NFSS spec.: 
(fontspec)             - 'bold italic' (b/it) with NFSS spec.:
(fontspec)             <->"SimSun/OT:script=hani;language=dflt;embolden=4;slant
=0.167;"
(fontspec)             - 'bold italic small caps'  (b/scit) with NFSS spec.: 


Package fontspec Info: Font family 'STZhongsong(1)' created for font
(fontspec)             'STZhongsong' with options
(fontspec)             [Script={CJK},AutoFakeBold={4},AutoFakeSlant={0.167}].
(fontspec)              
(fontspec)              This font family consists of the following NFSS
(fontspec)             series/shapes:
(fontspec)              
(fontspec)             - 'normal' (m/n) with NFSS spec.:
(fontspec)             <->"STZhongsong/OT:script=hani;language=dflt;"
(fontspec)             - 'small caps'  (m/sc) with NFSS spec.: 
(fontspec)             - 'bold' (b/n) with NFSS spec.:
(fontspec)             <->"STZhongsong/OT:script=hani;language=dflt;embolden=4;
"
(fontspec)             - 'bold small caps'  (b/sc) with NFSS spec.: 
(fontspec)             - 'italic' (m/it) with NFSS spec.:
(fontspec)             <->"STZhongsong/OT:script=hani;language=dflt;slant=0.167
;"
(fontspec)             - 'italic small caps'  (m/scit) with NFSS spec.: 
(fontspec)             - 'bold italic' (b/it) with NFSS spec.:
(fontspec)             <->"STZhongsong/OT:script=hani;language=dflt;embolden=4;
slant=0.167;"
(fontspec)             - 'bold italic small caps'  (b/scit) with NFSS spec.: 


LaTeX Font Warning: Font shape `OMX/cmex/m/n' in size <10.53937> not available
(Font)              size <10.95> substituted on input line 188.

[1

] (out/example.toc)
\tf@toc=\write5
\openout5 = `example.toc'.


Package fontspec Info: Font family 'KaiTi(0)' created for font 'KaiTi' with
(fontspec)             options
(fontspec)             [Script={CJK},AutoFakeBold={4},AutoFakeSlant={0.167}].
(fontspec)              
(fontspec)              This font family consists of the following NFSS
(fontspec)             series/shapes:
(fontspec)              
(fontspec)             - 'normal' (m/n) with NFSS spec.:
(fontspec)             <->"KaiTi/OT:script=hani;language=dflt;"
(fontspec)             - 'small caps'  (m/sc) with NFSS spec.: 
(fontspec)             - 'bold' (b/n) with NFSS spec.:
(fontspec)             <->"KaiTi/OT:script=hani;language=dflt;embolden=4;"
(fontspec)             - 'bold small caps'  (b/sc) with NFSS spec.: 
(fontspec)             - 'italic' (m/it) with NFSS spec.:
(fontspec)             <->"KaiTi/OT:script=hani;language=dflt;slant=0.167;"
(fontspec)             - 'italic small caps'  (m/scit) with NFSS spec.: 
(fontspec)             - 'bold italic' (b/it) with NFSS spec.:
(fontspec)             <->"KaiTi/OT:script=hani;language=dflt;embolden=4;slant=
0.167;"
(fontspec)             - 'bold italic small caps'  (b/scit) with NFSS spec.: 



Package fancyhdr Warning: \headheight is too small (14.0pt): 
(fancyhdr)                Make it at least 23.78064pt, for example:
(fancyhdr)                \setlength{\headheight}{23.78064pt}.
(fancyhdr)                You might also make \topmargin smaller to compensate:

(fancyhdr)                \addtolength{\topmargin}{-9.78064pt}.

[1


]

Package fancyhdr Warning: \headheight is too small (14.0pt): 
(fancyhdr)                Make it at least 23.78064pt, for example:
(fancyhdr)                \setlength{\headheight}{23.78064pt}.
(fancyhdr)                You might also make \topmargin smaller to compensate:

(fancyhdr)                \addtolength{\topmargin}{-9.78064pt}.

[2


]
Overfull \hbox (4.22374pt too wide) in paragraph at lines 224--225
[]\TU/TimesNewRoman(0)/m/n/12.045 RemoveList(LISTS,ListName) \TU/SimSun(0)/m/n/
12.045           \TU/TimesNewRoman(0)/m/n/12.045 ListName \TU/SimSun(
0)/m/n/12.045     
 []


LaTeX Warning: Reference `sec:b-' on page 3 undefined on inp
ut line 230.

Package hyperref Info: bookmark level for unknown algorithm defaults to 0 on in
put line 239.

Package fancyhdr Warning: \headheight is too small (14.0pt): 
(fancyhdr)                Make it at least 23.78064pt, for example:
(fancyhdr)                \setlength{\headheight}{23.78064pt}.
(fancyhdr)                You might also make \topmargin smaller to compensate:

(fancyhdr)                \addtolength{\topmargin}{-9.78064pt}.

[3]

Package fancyhdr Warning: \headheight is too small (14.0pt): 
(fancyhdr)                Make it at least 23.78064pt, for example:
(fancyhdr)                \setlength{\headheight}{23.78064pt}.
(fancyhdr)                You might also make \topmargin smaller to compensate:

(fancyhdr)                \addtolength{\topmargin}{-9.78064pt}.

[4]

Package fancyhdr Warning: \headheight is too small (14.0pt): 
(fancyhdr)                Make it at least 23.78064pt, for example:
(fancyhdr)                \setlength{\headheight}{23.78064pt}.
(fancyhdr)                You might also make \topmargin smaller to compensate:

(fancyhdr)                \addtolength{\topmargin}{-9.78064pt}.

[5]

Package fancyhdr Warning: \headheight is too small (14.0pt): 
(fancyhdr)                Make it at least 23.78064pt, for example:
(fancyhdr)                \setlength{\headheight}{23.78064pt}.
(fancyhdr)                You might also make \topmargin smaller to compensate:

(fancyhdr)                \addtolength{\topmargin}{-9.78064pt}.

[6]

Package fancyhdr Warning: \headheight is too small (14.0pt): 
(fancyhdr)                Make it at least 23.78064pt, for example:
(fancyhdr)                \setlength{\headheight}{23.78064pt}.
(fancyhdr)                You might also make \topmargin smaller to compensate:

(fancyhdr)                \addtolength{\topmargin}{-9.78064pt}.

[7]

Package fancyhdr Warning: \headheight is too small (14.0pt): 
(fancyhdr)                Make it at least 23.78064pt, for example:
(fancyhdr)                \setlength{\headheight}{23.78064pt}.
(fancyhdr)                You might also make \topmargin smaller to compensate:

(fancyhdr)                \addtolength{\topmargin}{-9.78064pt}.

[8]

Package fancyhdr Warning: \headheight is too small (14.0pt): 
(fancyhdr)                Make it at least 23.78064pt, for example:
(fancyhdr)                \setlength{\headheight}{23.78064pt}.
(fancyhdr)                You might also make \topmargin smaller to compensate:

(fancyhdr)                \addtolength{\topmargin}{-9.78064pt}.

[9]
File: images/p1-1.png Graphic file (type bmp)
<images/p1-1.png>

Overfull \hbox (18.59814pt too wide) in paragraph at lines 540--541
 [] 
 []


Package fancyhdr Warning: \headheight is too small (14.0pt): 
(fancyhdr)                Make it at least 23.78064pt, for example:
(fancyhdr)                \setlength{\headheight}{23.78064pt}.
(fancyhdr)                You might also make \topmargin smaller to compensate:

(fancyhdr)                \addtolength{\topmargin}{-9.78064pt}.

[10]
File: images/p1-22.png Graphic file (type bmp)
<images/p1-22.png>
File: images/p1-21.png Graphic file (type bmp)
<images/p1-21.png>


Package fancyhdr Warning: \headheight is too small (14.0pt): 
(fancyhdr)                Make it at least 23.78064pt, for example:
(fancyhdr)                \setlength{\headheight}{23.78064pt}.
(fancyhdr)                You might also make \topmargin smaller to compensate:

(fancyhdr)                \addtolength{\topmargin}{-9.78064pt}.

[11]
File: images/p1-24.png Graphic file (type bmp)
<images/p1-24.png>
File: images/p1-23.png Graphic file (type bmp)
<images/p1-23.png>


Package fancyhdr Warning: \headheight is too small (14.0pt): 
(fancyhdr)                Make it at least 23.78064pt, for example:
(fancyhdr)                \setlength{\headheight}{23.78064pt}.
(fancyhdr)                You might also make \topmargin smaller to compensate:

(fancyhdr)                \addtolength{\topmargin}{-9.78064pt}.

[12]
File: images/p1-25.png Graphic file (type bmp)
<images/p1-25.png>
File: images/p1-26.png Graphic file (type bmp)
<images/p1-26.png>
File: images/p1-27.png Graphic file (type bmp)
<images/p1-27.png>


Package fancyhdr Warning: \headheight is too small (14.0pt): 
(fancyhdr)                Make it at least 23.78064pt, for example:
(fancyhdr)                \setlength{\headheight}{23.78064pt}.
(fancyhdr)                You might also make \topmargin smaller to compensate:

(fancyhdr)                \addtolength{\topmargin}{-9.78064pt}.

[13]
File: images/p1-2.png Graphic file (type bmp)
<images/p1-2.png>

Overfull \hbox (18.59814pt too wide) in paragraph at lines 650--651
 [] 
 []


Package fancyhdr Warning: \headheight is too small (14.0pt): 
(fancyhdr)                Make it at least 23.78064pt, for example:
(fancyhdr)                \setlength{\headheight}{23.78064pt}.
(fancyhdr)                You might also make \topmargin smaller to compensate:

(fancyhdr)                \addtolength{\topmargin}{-9.78064pt}.

[14]
File: images/p1-3.png Graphic file (type bmp)
<images/p1-3.png>

Overfull \hbox (18.59814pt too wide) in paragraph at lines 678--679
 [] 
 []

File: images/p1-4.png Graphic file (type bmp)
<images/p1-4.png>
File: images/p1-5.png Graphic file (type bmp)
<images/p1-5.png>

Package fancyhdr Warning: \headheight is too small (14.0pt): 
(fancyhdr)                Make it at least 23.78064pt, for example:
(fancyhdr)                \setlength{\headheight}{23.78064pt}.
(fancyhdr)                You might also make \topmargin smaller to compensate:

(fancyhdr)                \addtolength{\topmargin}{-9.78064pt}.

[15]
Overfull \hbox (40.5055pt too wide) in paragraph at lines 716--728
 [] 
 []

File: images/p1-7.png Graphic file (type bmp)
<images/p1-7.png>
File: images/p1-8.png Graphic file (type bmp)
<images/p1-8.png>

Package fancyhdr Warning: \headheight is too small (14.0pt): 
(fancyhdr)                Make it at least 23.78064pt, for example:
(fancyhdr)                \setlength{\headheight}{23.78064pt}.
(fancyhdr)                You might also make \topmargin smaller to compensate:

(fancyhdr)                \addtolength{\topmargin}{-9.78064pt}.

[16]
Overfull \hbox (70.61798pt too wide) in paragraph at lines 743--757
 [] 
 []

File: images/p1-9.png Graphic file (type bmp)
<images/p1-9.png>
File: images/p1-10.png Graphic file (type bmp)
<images/p1-10.png>
File: images/p1-11.png Graphic file (type bmp)
<images/p1-11.png>

Package fancyhdr Warning: \headheight is too small (14.0pt): 
(fancyhdr)                Make it at least 23.78064pt, for example:
(fancyhdr)                \setlength{\headheight}{23.78064pt}.
(fancyhdr)                You might also make \topmargin smaller to compensate:

(fancyhdr)                \addtolength{\topmargin}{-9.78064pt}.

[17]
Overfull \hbox (70.61798pt too wide) in paragraph at lines 773--787
 [] 
 []

File: images/p1-12.png Graphic file (type bmp)
<images/p1-12.png>
File: images/p1-13.png Graphic file (type bmp)
<images/p1-13.png>
File: images/p1-14.png Graphic file (type bmp)
<images/p1-14.png>

Package fancyhdr Warning: \headheight is too small (14.0pt): 
(fancyhdr)                Make it at least 23.78064pt, for example:
(fancyhdr)                \setlength{\headheight}{23.78064pt}.
(fancyhdr)                You might also make \topmargin smaller to compensate:

(fancyhdr)                \addtolength{\topmargin}{-9.78064pt}.

[18]
File: images/p1-15.png Graphic file (type bmp)
<images/p1-15.png>
File: images/p1-16.png Graphic file (type bmp)
<images/p1-16.png>


Package fancyhdr Warning: \headheight is too small (14.0pt): 
(fancyhdr)                Make it at least 23.78064pt, for example:
(fancyhdr)                \setlength{\headheight}{23.78064pt}.
(fancyhdr)                You might also make \topmargin smaller to compensate:

(fancyhdr)                \addtolength{\topmargin}{-9.78064pt}.

[19]
Overfull \hbox (28.0135pt too wide) in paragraph at lines 830--842
 [] 
 []

File: images/p1-17.png Graphic file (type bmp)
<images/p1-17.png>
File: images/p1-18.png Graphic file (type bmp)
<images/p1-18.png>

Package fancyhdr Warning: \headheight is too small (14.0pt): 
(fancyhdr)                Make it at least 23.78064pt, for example:
(fancyhdr)                \setlength{\headheight}{23.78064pt}.
(fancyhdr)                You might also make \topmargin smaller to compensate:

(fancyhdr)                \addtolength{\topmargin}{-9.78064pt}.

[20]
File: images/p1-19.png Graphic file (type bmp)
<images/p1-19.png>
File: images/p1-20.png Graphic file (type bmp)
<images/p1-20.png>


Package fancyhdr Warning: \headheight is too small (14.0pt): 
(fancyhdr)                Make it at least 23.78064pt, for example:
(fancyhdr)                \setlength{\headheight}{23.78064pt}.
(fancyhdr)                You might also make \topmargin smaller to compensate:

(fancyhdr)                \addtolength{\topmargin}{-9.78064pt}.

[21]
File: images/p1-30.png Graphic file (type bmp)
<images/p1-30.png>
File: images/p1-29.png Graphic file (type bmp)
<images/p1-29.png>
File: images/p1-28.png Graphic file (type bmp)
<images/p1-28.png>


Package fancyhdr Warning: \headheight is too small (14.0pt): 
(fancyhdr)                Make it at least 23.78064pt, for example:
(fancyhdr)                \setlength{\headheight}{23.78064pt}.
(fancyhdr)                You might also make \topmargin smaller to compensate:

(fancyhdr)                \addtolength{\topmargin}{-9.78064pt}.

[22]
File: images/p1-32.png Graphic file (type bmp)
<images/p1-32.png>
File: images/p1-31.png Graphic file (type bmp)
<images/p1-31.png>


Package fancyhdr Warning: \headheight is too small (14.0pt): 
(fancyhdr)                Make it at least 23.78064pt, for example:
(fancyhdr)                \setlength{\headheight}{23.78064pt}.
(fancyhdr)                You might also make \topmargin smaller to compensate:

(fancyhdr)                \addtolength{\topmargin}{-9.78064pt}.

[23]
File: images/p1-33.png Graphic file (type bmp)
<images/p1-33.png>
File: images/p1-34.png Graphic file (type bmp)
<images/p1-34.png>
File: images/p1-35.png Graphic file (type bmp)
<images/p1-35.png>


Package fancyhdr Warning: \headheight is too small (14.0pt): 
(fancyhdr)                Make it at least 23.78064pt, for example:
(fancyhdr)                \setlength{\headheight}{23.78064pt}.
(fancyhdr)                You might also make \topmargin smaller to compensate:

(fancyhdr)                \addtolength{\topmargin}{-9.78064pt}.

[24]
File: images/p1-36.png Graphic file (type bmp)
<images/p1-36.png>
File: images/p1-37.png Graphic file (type bmp)
<images/p1-37.png>


Package fancyhdr Warning: \headheight is too small (14.0pt): 
(fancyhdr)                Make it at least 23.78064pt, for example:
(fancyhdr)                \setlength{\headheight}{23.78064pt}.
(fancyhdr)                You might also make \topmargin smaller to compensate:

(fancyhdr)                \addtolength{\topmargin}{-9.78064pt}.

[25]
Overfull \hbox (61.58424pt too wide) in paragraph at lines 992--1002
 [] 
 []

File: images/p1-38.png Graphic file (type bmp)
<images/p1-38.png>
File: images/p1-39.png Graphic file (type bmp)
<images/p1-39.png>

Package fancyhdr Warning: \headheight is too small (14.0pt): 
(fancyhdr)                Make it at least 23.78064pt, for example:
(fancyhdr)                \setlength{\headheight}{23.78064pt}.
(fancyhdr)                You might also make \topmargin smaller to compensate:

(fancyhdr)                \addtolength{\topmargin}{-9.78064pt}.

[26]
File: images/p1-40.png Graphic file (type bmp)
<images/p1-40.png>
File: images/p1-41.png Graphic file (type bmp)
<images/p1-41.png>


Package fancyhdr Warning: \headheight is too small (14.0pt): 
(fancyhdr)                Make it at least 23.78064pt, for example:
(fancyhdr)                \setlength{\headheight}{23.78064pt}.
(fancyhdr)                You might also make \topmargin smaller to compensate:

(fancyhdr)                \addtolength{\topmargin}{-9.78064pt}.

[27]
File: images/p1-42.png Graphic file (type bmp)
<images/p1-42.png>
File: images/p1-43.png Graphic file (type bmp)
<images/p1-43.png>
File: images/p1-45.png Graphic file (type bmp)
<images/p1-45.png>
File: images/p1-44.png Graphic file (type bmp)
<images/p1-44.png>


Package fancyhdr Warning: \headheight is too small (14.0pt): 
(fancyhdr)                Make it at least 23.78064pt, for example:
(fancyhdr)                \setlength{\headheight}{23.78064pt}.
(fancyhdr)                You might also make \topmargin smaller to compensate:

(fancyhdr)                \addtolength{\topmargin}{-9.78064pt}.

[28]
File: images/p1-46.png Graphic file (type bmp)
<images/p1-46.png>
File: images/p1-47.png Graphic file (type bmp)
<images/p1-47.png>
File: images/p1-48.png Graphic file (type bmp)
<images/p1-48.png>


Package fancyhdr Warning: \headheight is too small (14.0pt): 
(fancyhdr)                Make it at least 23.78064pt, for example:
(fancyhdr)                \setlength{\headheight}{23.78064pt}.
(fancyhdr)                You might also make \topmargin smaller to compensate:

(fancyhdr)                \addtolength{\topmargin}{-9.78064pt}.

[29]

Package fancyhdr Warning: \headheight is too small (14.0pt): 
(fancyhdr)                Make it at least 23.78064pt, for example:
(fancyhdr)                \setlength{\headheight}{23.78064pt}.
(fancyhdr)                You might also make \topmargin smaller to compensate:

(fancyhdr)                \addtolength{\topmargin}{-9.78064pt}.

[30]

Package fancyhdr Warning: \headheight is too small (14.0pt): 
(fancyhdr)                Make it at least 23.78064pt, for example:
(fancyhdr)                \setlength{\headheight}{23.78064pt}.
(fancyhdr)                You might also make \topmargin smaller to compensate:

(fancyhdr)                \addtolength{\topmargin}{-9.78064pt}.

[31

]

LaTeX Warning: Reference `sec:d-' on page 32 undefined on input l
ine 1138.


Package fancyhdr Warning: \headheight is too small (14.0pt): 
(fancyhdr)                Make it at least 23.78064pt, for example:
(fancyhdr)                \setlength{\headheight}{23.78064pt}.
(fancyhdr)                You might also make \topmargin smaller to compensate:

(fancyhdr)                \addtolength{\topmargin}{-9.78064pt}.

[32]

Package fancyhdr Warning: \headheight is too small (14.0pt): 
(fancyhdr)                Make it at least 23.78064pt, for example:
(fancyhdr)                \setlength{\headheight}{23.78064pt}.
(fancyhdr)                You might also make \topmargin smaller to compensate:

(fancyhdr)                \addtolength{\topmargin}{-9.78064pt}.

[33]

Package fancyhdr Warning: \headheight is too small (14.0pt): 
(fancyhdr)                Make it at least 23.78064pt, for example:
(fancyhdr)                \setlength{\headheight}{23.78064pt}.
(fancyhdr)                You might also make \topmargin smaller to compensate:

(fancyhdr)                \addtolength{\topmargin}{-9.78064pt}.

[34]

Package fancyhdr Warning: \headheight is too small (14.0pt): 
(fancyhdr)                Make it at least 23.78064pt, for example:
(fancyhdr)                \setlength{\headheight}{23.78064pt}.
(fancyhdr)                You might also make \topmargin smaller to compensate:

(fancyhdr)                \addtolength{\topmargin}{-9.78064pt}.

[35]

Package fancyhdr Warning: \headheight is too small (14.0pt): 
(fancyhdr)                Make it at least 23.78064pt, for example:
(fancyhdr)                \setlength{\headheight}{23.78064pt}.
(fancyhdr)                You might also make \topmargin smaller to compensate:

(fancyhdr)                \addtolength{\topmargin}{-9.78064pt}.

[36]

Package fancyhdr Warning: \headheight is too small (14.0pt): 
(fancyhdr)                Make it at least 23.78064pt, for example:
(fancyhdr)                \setlength{\headheight}{23.78064pt}.
(fancyhdr)                You might also make \topmargin smaller to compensate:

(fancyhdr)                \addtolength{\topmargin}{-9.78064pt}.

[37]

Package fancyhdr Warning: \headheight is too small (14.0pt): 
(fancyhdr)                Make it at least 23.78064pt, for example:
(fancyhdr)                \setlength{\headheight}{23.78064pt}.
(fancyhdr)                You might also make \topmargin smaller to compensate:

(fancyhdr)                \addtolength{\topmargin}{-9.78064pt}.

[38]

Package fancyhdr Warning: \headheight is too small (14.0pt): 
(fancyhdr)                Make it at least 23.78064pt, for example:
(fancyhdr)                \setlength{\headheight}{23.78064pt}.
(fancyhdr)                You might also make \topmargin smaller to compensate:

(fancyhdr)                \addtolength{\topmargin}{-9.78064pt}.

[39]
File: images/p2-1.png Graphic file (type bmp)
<images/p2-1.png>

Overfull \hbox (18.59814pt too wide) in paragraph at lines 1446--1447
 [] 
 []


Package fancyhdr Warning: \headheight is too small (14.0pt): 
(fancyhdr)                Make it at least 23.78064pt, for example:
(fancyhdr)                \setlength{\headheight}{23.78064pt}.
(fancyhdr)                You might also make \topmargin smaller to compensate:

(fancyhdr)                \addtolength{\topmargin}{-9.78064pt}.

[40]
File: images/p2-5.png Graphic file (type bmp)
<images/p2-5.png>
File: images/p2-6.png Graphic file (type bmp)
<images/p2-6.png>


Package fancyhdr Warning: \headheight is too small (14.0pt): 
(fancyhdr)                Make it at least 23.78064pt, for example:
(fancyhdr)                \setlength{\headheight}{23.78064pt}.
(fancyhdr)                You might also make \topmargin smaller to compensate:

(fancyhdr)                \addtolength{\topmargin}{-9.78064pt}.

[41]
File: images/p2-7.png Graphic file (type bmp)
<images/p2-7.png>
File: images/p2-8.png Graphic file (type bmp)
<images/p2-8.png>


Package fancyhdr Warning: \headheight is too small (14.0pt): 
(fancyhdr)                Make it at least 23.78064pt, for example:
(fancyhdr)                \setlength{\headheight}{23.78064pt}.
(fancyhdr)                You might also make \topmargin smaller to compensate:

(fancyhdr)                \addtolength{\topmargin}{-9.78064pt}.

[42]
Overfull \hbox (48.52765pt too wide) in paragraph at lines 1512--1524
 [] 
 []

File: images/p2-3.png Graphic file (type bmp)
<images/p2-3.png>
File: images/p2-4.png Graphic file (type bmp)
<images/p2-4.png>
File: images/p2-2.png Graphic file (type bmp)
<images/p2-2.png>

Package fancyhdr Warning: \headheight is too small (14.0pt): 
(fancyhdr)                Make it at least 23.78064pt, for example:
(fancyhdr)                \setlength{\headheight}{23.78064pt}.
(fancyhdr)                You might also make \topmargin smaller to compensate:

(fancyhdr)                \addtolength{\topmargin}{-9.78064pt}.

[43]
Overfull \hbox (58.57303pt too wide) in paragraph at lines 1540--1552
 [] 
 []

File: images/p2-9.png Graphic file (type bmp)
<images/p2-9.png>
File: images/p2-11.png Graphic file (type bmp)
<images/p2-11.png>
File: images/p2-10.png Graphic file (type bmp)
<images/p2-10.png>

Package fancyhdr Warning: \headheight is too small (14.0pt): 
(fancyhdr)                Make it at least 23.78064pt, for example:
(fancyhdr)                \setlength{\headheight}{23.78064pt}.
(fancyhdr)                You might also make \topmargin smaller to compensate:

(fancyhdr)                \addtolength{\topmargin}{-9.78064pt}.

[44]
Overfull \hbox (137.53595pt too wide) in paragraph at lines 1568--1580
 [] 
 []

File: images/p2-14.png Graphic file (type bmp)
<images/p2-14.png>
File: images/p2-13.png Graphic file (type bmp)
<images/p2-13.png>
File: images/p2-12.png Graphic file (type bmp)
<images/p2-12.png>

Package fancyhdr Warning: \headheight is too small (14.0pt): 
(fancyhdr)                Make it at least 23.78064pt, for example:
(fancyhdr)                \setlength{\headheight}{23.78064pt}.
(fancyhdr)                You might also make \topmargin smaller to compensate:

(fancyhdr)                \addtolength{\topmargin}{-9.78064pt}.

[45]
Overfull \hbox (74.29971pt too wide) in paragraph at lines 1596--1608
 [] 
 []

File: images/p2-17.png Graphic file (type bmp)
<images/p2-17.png>
File: images/p2-16.png Graphic file (type bmp)
<images/p2-16.png>
File: images/p2-15.png Graphic file (type bmp)
<images/p2-15.png>

Package fancyhdr Warning: \headheight is too small (14.0pt): 
(fancyhdr)                Make it at least 23.78064pt, for example:
(fancyhdr)                \setlength{\headheight}{23.78064pt}.
(fancyhdr)                You might also make \topmargin smaller to compensate:

(fancyhdr)                \addtolength{\topmargin}{-9.78064pt}.

[46]
File: images/p2-19.png Graphic file (type bmp)
<images/p2-19.png>
File: images/p2-18.png Graphic file (type bmp)
<images/p2-18.png>
File: images/p2-20.png Graphic file (type bmp)
<images/p2-20.png>


Package fancyhdr Warning: \headheight is too small (14.0pt): 
(fancyhdr)                Make it at least 23.78064pt, for example:
(fancyhdr)                \setlength{\headheight}{23.78064pt}.
(fancyhdr)                You might also make \topmargin smaller to compensate:

(fancyhdr)                \addtolength{\topmargin}{-9.78064pt}.

[47]
File: images/p2-21.png Graphic file (type bmp)
<images/p2-21.png>
File: images/p2-22.png Graphic file (type bmp)
<images/p2-22.png>
File: images/p2-23.png Graphic file (type bmp)
<images/p2-23.png>


Package fancyhdr Warning: \headheight is too small (14.0pt): 
(fancyhdr)                Make it at least 23.78064pt, for example:
(fancyhdr)                \setlength{\headheight}{23.78064pt}.
(fancyhdr)                You might also make \topmargin smaller to compensate:

(fancyhdr)                \addtolength{\topmargin}{-9.78064pt}.

[48]
File: images/p2-26.png Graphic file (type bmp)
<images/p2-26.png>
File: images/p2-25.png Graphic file (type bmp)
<images/p2-25.png>
File: images/p2-24.png Graphic file (type bmp)
<images/p2-24.png>


Package fancyhdr Warning: \headheight is too small (14.0pt): 
(fancyhdr)                Make it at least 23.78064pt, for example:
(fancyhdr)                \setlength{\headheight}{23.78064pt}.
(fancyhdr)                You might also make \topmargin smaller to compensate:

(fancyhdr)                \addtolength{\topmargin}{-9.78064pt}.

[49]
File: images/p2-29.png Graphic file (type bmp)
<images/p2-29.png>
File: images/p2-28.png Graphic file (type bmp)
<images/p2-28.png>
File: images/p2-27.png Graphic file (type bmp)
<images/p2-27.png>


Package fancyhdr Warning: \headheight is too small (14.0pt): 
(fancyhdr)                Make it at least 23.78064pt, for example:
(fancyhdr)                \setlength{\headheight}{23.78064pt}.
(fancyhdr)                You might also make \topmargin smaller to compensate:

(fancyhdr)                \addtolength{\topmargin}{-9.78064pt}.

[50]
File: images/p2-30.png Graphic file (type bmp)
<images/p2-30.png>
File: images/p2-31.png Graphic file (type bmp)
<images/p2-31.png>


Package fancyhdr Warning: \headheight is too small (14.0pt): 
(fancyhdr)                Make it at least 23.78064pt, for example:
(fancyhdr)                \setlength{\headheight}{23.78064pt}.
(fancyhdr)                You might also make \topmargin smaller to compensate:

(fancyhdr)                \addtolength{\topmargin}{-9.78064pt}.

[51]
File: images/p2-33.png Graphic file (type bmp)
<images/p2-33.png>
File: images/p2-32.png Graphic file (type bmp)
<images/p2-32.png>


Package fancyhdr Warning: \headheight is too small (14.0pt): 
(fancyhdr)                Make it at least 23.78064pt, for example:
(fancyhdr)                \setlength{\headheight}{23.78064pt}.
(fancyhdr)                You might also make \topmargin smaller to compensate:

(fancyhdr)                \addtolength{\topmargin}{-9.78064pt}.

[52]
File: images/p2-34.png Graphic file (type bmp)
<images/p2-34.png>
File: images/p2-35.png Graphic file (type bmp)
<images/p2-35.png>


Package fancyhdr Warning: \headheight is too small (14.0pt): 
(fancyhdr)                Make it at least 23.78064pt, for example:
(fancyhdr)                \setlength{\headheight}{23.78064pt}.
(fancyhdr)                You might also make \topmargin smaller to compensate:

(fancyhdr)                \addtolength{\topmargin}{-9.78064pt}.

[53]
File: images/p2-36.png Graphic file (type bmp)
<images/p2-36.png>
File: images/p2-37.png Graphic file (type bmp)
<images/p2-37.png>


Package fancyhdr Warning: \headheight is too small (14.0pt): 
(fancyhdr)                Make it at least 23.78064pt, for example:
(fancyhdr)                \setlength{\headheight}{23.78064pt}.
(fancyhdr)                You might also make \topmargin smaller to compensate:

(fancyhdr)                \addtolength{\topmargin}{-9.78064pt}.

[54]
File: images/p2-39.png Graphic file (type bmp)
<images/p2-39.png>
File: images/p2-38.png Graphic file (type bmp)
<images/p2-38.png>
File: images/p2-40.png Graphic file (type bmp)
<images/p2-40.png>


Package fancyhdr Warning: \headheight is too small (14.0pt): 
(fancyhdr)                Make it at least 23.78064pt, for example:
(fancyhdr)                \setlength{\headheight}{23.78064pt}.
(fancyhdr)                You might also make \topmargin smaller to compensate:

(fancyhdr)                \addtolength{\topmargin}{-9.78064pt}.

[55]
Overfull \hbox (61.58424pt too wide) in paragraph at lines 1864--1874
 [] 
 []

File: images/p2-41.png Graphic file (type bmp)
<images/p2-41.png>
File: images/p2-42.png Graphic file (type bmp)
<images/p2-42.png>

Package fancyhdr Warning: \headheight is too small (14.0pt): 
(fancyhdr)                Make it at least 23.78064pt, for example:
(fancyhdr)                \setlength{\headheight}{23.78064pt}.
(fancyhdr)                You might also make \topmargin smaller to compensate:

(fancyhdr)                \addtolength{\topmargin}{-9.78064pt}.

[56]
Overfull \hbox (3.3589pt too wide) in paragraph at lines 1889--1899
 [] 
 []

File: images/p2-43.png Graphic file (type bmp)
<images/p2-43.png>
File: images/p2-44.png Graphic file (type bmp)
<images/p2-44.png>

Package fancyhdr Warning: \headheight is too small (14.0pt): 
(fancyhdr)                Make it at least 23.78064pt, for example:
(fancyhdr)                \setlength{\headheight}{23.78064pt}.
(fancyhdr)                You might also make \topmargin smaller to compensate:

(fancyhdr)                \addtolength{\topmargin}{-9.78064pt}.

[57]
File: images/p2-46.png Graphic file (type bmp)
<images/p2-46.png>
File: images/p2-45.png Graphic file (type bmp)
<images/p2-45.png>
File: images/p2-47.png Graphic file (type bmp)
<images/p2-47.png>


Package fancyhdr Warning: \headheight is too small (14.0pt): 
(fancyhdr)                Make it at least 23.78064pt, for example:
(fancyhdr)                \setlength{\headheight}{23.78064pt}.
(fancyhdr)                You might also make \topmargin smaller to compensate:

(fancyhdr)                \addtolength{\topmargin}{-9.78064pt}.

[58]
File: images/p2-48.png Graphic file (type bmp)
<images/p2-48.png>
File: images/p2-49.png Graphic file (type bmp)
<images/p2-49.png>
File: images/p2-50.png Graphic file (type bmp)
<images/p2-50.png>


Package fancyhdr Warning: \headheight is too small (14.0pt): 
(fancyhdr)                Make it at least 23.78064pt, for example:
(fancyhdr)                \setlength{\headheight}{23.78064pt}.
(fancyhdr)                You might also make \topmargin smaller to compensate:

(fancyhdr)                \addtolength{\topmargin}{-9.78064pt}.

[59]

Package fancyhdr Warning: \headheight is too small (14.0pt): 
(fancyhdr)                Make it at least 23.78064pt, for example:
(fancyhdr)                \setlength{\headheight}{23.78064pt}.
(fancyhdr)                You might also make \topmargin smaller to compensate:

(fancyhdr)                \addtolength{\topmargin}{-9.78064pt}.

[60] (out/example.bbl)

Package fancyhdr Warning: \headheight is too small (14.0pt): 
(fancyhdr)                Make it at least 23.78064pt, for example:
(fancyhdr)                \setlength{\headheight}{23.78064pt}.
(fancyhdr)                You might also make \topmargin smaller to compensate:

(fancyhdr)                \addtolength{\topmargin}{-9.78064pt}.

[61


] (out/example.aux)

LaTeX Font Warning: Size substitutions with differences
(Font)              up to 1.34248pt have occurred.


LaTeX Warning: There were undefined references.

Package rerunfilecheck Info: File `example.out' has not changed.
(rerunfilecheck)             Checksum: C212737329DA10F2B4828FBB7A6220A4;1841.
 ) 
Here is how much of TeX's memory you used:
 44277 strings out of 476179
 1048383 string characters out of 5810867
 1483302 words of memory out of 5000000
 64152 multiletter control sequences out of 15000+600000
 486794 words of font info for 153 fonts, out of 8000000 for 9000
 1348 hyphenation exceptions out of 8191
 88i,16n,102p,1233b,806s stack positions out of 10000i,1000n,20000p,200000b,200000s

Output written on out/example.xdv (62 pages, 442296 bytes).
